Log file open, 12/13/20 14:32:45
LogInit: Display: Running engine for game: ToonTanks
LogPlatformFile: Not using cached read wrapper
LogTaskGraph: Started task graph with 5 named threads and 23 total threads with 3 sets of task threads.
LogStats: Stats thread started at 0.201203
LogD3D11RHI: Loaded GFSDK_Aftermath_Lib.x64.dll
LogICUInternationalization: ICU TimeZone Detection - Raw Offset: -8:00, Platform Override: ''
LogPluginManager: Mounting plugin Paper2D
LogPluginManager: Mounting plugin AISupport
LogPluginManager: Mounting plugin LightPropagationVolume
LogPluginManager: Mounting plugin CameraShakePreviewer
LogPluginManager: Mounting plugin ActorLayerUtilities
LogPluginManager: Mounting plugin AnimationSharing
LogPluginManager: Mounting plugin CLionSourceCodeAccess
LogPluginManager: Mounting plugin CodeLiteSourceCodeAccess
LogPluginManager: Mounting plugin GitSourceControl
LogPluginManager: Mounting plugin KDevelopSourceCodeAccess
LogPluginManager: Mounting plugin NullSourceCodeAccess
LogPluginManager: Mounting plugin PerforceSourceControl
LogPluginManager: Mounting plugin PlasticSourceControl
LogPluginManager: Mounting plugin RiderSourceCodeAccess
LogPluginManager: Mounting plugin SubversionSourceControl
LogPluginManager: Mounting plugin UObjectPlugin
LogPluginManager: Mounting plugin VisualStudioCodeSourceCodeAccess
LogPluginManager: Mounting plugin VisualStudioSourceCodeAccess
LogPluginManager: Mounting plugin XCodeSourceCodeAccess
LogPluginManager: Mounting plugin AssetManagerEditor
LogPluginManager: Mounting plugin CryptoKeys
LogPluginManager: Mounting plugin CurveEditorTools
LogPluginManager: Mounting plugin DataValidation
LogPluginManager: Mounting plugin EditorScriptingUtilities
LogPluginManager: Mounting plugin FacialAnimation
LogPluginManager: Mounting plugin GameplayTagsEditor
LogPluginManager: Mounting plugin GeometryMode
LogPluginManager: Mounting plugin MacGraphicsSwitching
LogPluginManager: Mounting plugin MaterialAnalyzer
LogPluginManager: Mounting plugin MobileLauncherProfileWizard
LogPluginManager: Mounting plugin PluginBrowser
LogPluginManager: Mounting plugin SpeedTreeImporter
LogPluginManager: Mounting plugin DatasmithContent
LogPluginManager: Mounting plugin VariantManagerContent
LogPluginManager: Mounting plugin AlembicImporter
LogPluginManager: Mounting plugin AutomationUtils
LogPluginManager: Mounting plugin BackChannel
LogPluginManager: Mounting plugin ChaosCloth
LogPluginManager: Mounting plugin ChaosClothEditor
LogPluginManager: Mounting plugin ChaosEditor
LogPluginManager: Mounting plugin ChaosNiagara
LogPluginManager: Mounting plugin ChaosSolverPlugin
LogPluginManager: Mounting plugin CharacterAI
LogPluginManager: Mounting plugin GeometryCache
LogPluginManager: Mounting plugin GeometryCollectionPlugin
LogPluginManager: Mounting plugin GeometryProcessing
LogPluginManager: Mounting plugin PlanarCut
LogPluginManager: Mounting plugin PlatformCrypto
LogPluginManager: Mounting plugin ProxyLODPlugin
LogPluginManager: Mounting plugin PythonScriptPlugin
LogPluginManager: Mounting plugin SkeletalReduction
LogPluginManager: Mounting plugin Niagara
LogPluginManager: Mounting plugin MagicLeap
LogPluginManager: Mounting plugin MagicLeapLightEstimation
LogPluginManager: Mounting plugin MagicLeapMedia
LogPluginManager: Mounting plugin MagicLeapPassableWorld
LogPluginManager: Mounting plugin MLSDK
LogPluginManager: Mounting plugin AndroidMedia
LogPluginManager: Mounting plugin AvfMedia
LogPluginManager: Mounting plugin ImgMedia
LogPluginManager: Mounting plugin MediaCompositing
LogPluginManager: Mounting plugin MediaPlayerEditor
LogPluginManager: Mounting plugin WebMMedia
LogPluginManager: Mounting plugin WmfMedia
LogPluginManager: Mounting plugin MegascansPlugin
LogPluginManager: Mounting plugin MeshPainting
LogPluginManager: Mounting plugin TcpMessaging
LogPluginManager: Mounting plugin UdpMessaging
LogPluginManager: Mounting plugin ActorSequence
LogPluginManager: Mounting plugin LevelSequenceEditor
LogPluginManager: Mounting plugin MatineeToLevelSequence
LogPluginManager: Mounting plugin MovieRenderPipeline
LogPluginManager: Mounting plugin TemplateSequence
LogPluginManager: Mounting plugin NetcodeUnitTest
LogPluginManager: Mounting plugin NUTUnrealEngine4
LogPluginManager: Mounting plugin OnlineSubsystemGooglePlay
LogPluginManager: Mounting plugin OnlineSubsystemIOS
LogPluginManager: Mounting plugin OnlineSubsystem
LogPluginManager: Mounting plugin OnlineSubsystemNull
LogPluginManager: Mounting plugin OnlineSubsystemUtils
LogPluginManager: Mounting plugin LauncherChunkInstaller
LogPluginManager: Mounting plugin AndroidDeviceProfileSelector
LogPluginManager: Mounting plugin AndroidMoviePlayer
LogPluginManager: Mounting plugin AndroidPermission
LogPluginManager: Mounting plugin AppleImageUtils
LogPluginManager: Mounting plugin AppleMoviePlayer
LogPluginManager: Mounting plugin ArchVisCharacter
LogPluginManager: Mounting plugin AssetTags
LogPluginManager: Mounting plugin AudioCapture
LogPluginManager: Mounting plugin CableComponent
LogPluginManager: Mounting plugin CustomMeshComponent
LogPluginManager: Mounting plugin DatabaseSupport
LogPluginManager: Mounting plugin SQLiteCore
LogPluginManager: Mounting plugin SQLiteSupport
LogPluginManager: Mounting plugin EditableMesh
LogPluginManager: Mounting plugin ExampleDeviceProfileSelector
LogPluginManager: Mounting plugin GoogleCloudMessaging
LogPluginManager: Mounting plugin GooglePAD
LogPluginManager: Mounting plugin IOSDeviceProfileSelector
LogPluginManager: Mounting plugin LinuxDeviceProfileSelector
LogPluginManager: Mounting plugin LocationServicesBPLibrary
LogPluginManager: Mounting plugin MobilePatchingUtils
LogPluginManager: Mounting plugin OculusVR
LogPluginManager: Mounting plugin PhysXVehicles
LogPluginManager: Mounting plugin PostSplashScreen
LogPluginManager: Mounting plugin ProceduralMeshComponent
LogPluginManager: Mounting plugin RuntimePhysXCooking
LogPluginManager: Mounting plugin SignificanceManager
LogPluginManager: Mounting plugin SoundFields
LogPluginManager: Mounting plugin SteamVR
LogPluginManager: Mounting plugin Synthesis
LogPluginManager: Mounting plugin WebMMoviePlayer
LogPluginManager: Mounting plugin WindowsMoviePlayer
LogPluginManager: Mounting plugin ScreenshotTools
LogInit: Using libcurl 7.55.1-DEV
LogInit:  - built for x86_64-pc-win32
LogInit:  - supports SSL with OpenSSL/1.1.1
LogInit:  - supports HTTP deflate (compression) using libz 1.2.8
LogInit:  - other features:
LogInit:      CURL_VERSION_SSL
LogInit:      CURL_VERSION_LIBZ
LogInit:      CURL_VERSION_IPV6
LogInit:      CURL_VERSION_ASYNCHDNS
LogInit:      CURL_VERSION_LARGEFILE
LogInit:      CURL_VERSION_IDN
LogInit:  CurlRequestOptions (configurable via config and command line):
LogInit:  - bVerifyPeer = true  - Libcurl will verify peer certificate
LogInit:  - bUseHttpProxy = false  - Libcurl will NOT use HTTP proxy
LogInit:  - bDontReuseConnections = false  - Libcurl will reuse connections
LogInit:  - MaxHostConnections = 16  - Libcurl will limit the number of connections to a host
LogInit:  - LocalHostAddr = Default
LogInit:  - BufferSize = 65536
LogOnline: OSS: Creating online subsystem instance for: NULL
LogInit: WinSock: version 1.1 (2.2), MaxSocks=32767, MaxUdp=65467
LogOnline: OSS: TryLoadSubsystemAndSetDefault: Loaded subsystem for module [NULL]
LogInit: Build: ++UE4+Release-4.25-CL-14469661
LogInit: Engine Version: 4.25.4-14469661+++UE4+Release-4.25
LogInit: Compatible Engine Version: 4.25.0-13144385+++UE4+Release-4.25
LogInit: Net CL: 13144385
LogInit: OS: Windows 10 (Release 2004) (), CPU: Intel(R) Core(TM) i7-7700HQ CPU @ 2.80GHz, GPU: NVIDIA GeForce GTX 1080
LogInit: Compiled (64-bit): Oct 11 2020 08:10:49
LogInit: Compiled with Visual C++: 19.24.28315.00
LogInit: Build Configuration: Development
LogInit: Branch Name: ++UE4+Release-4.25
LogInit: Command Line: 
LogInit: Base Directory: C:/Program Files/Epic Games/UE_4.25/Engine/Binaries/Win64/
LogInit: Allocator: TBB
LogInit: Installed Engine Build: 1
LogDevObjectVersion: Number of dev versions registered: 26
LogDevObjectVersion:   Dev-Blueprints (B0D832E4-1F89-4F0D-ACCF-7EB736FD4AA2): 10
LogDevObjectVersion:   Dev-Build (E1C64328-A22C-4D53-A36C-8E866417BD8C): 0
LogDevObjectVersion:   Dev-Core (375EC13C-06E4-48FB-B500-84F0262A717E): 4
LogDevObjectVersion:   Dev-Editor (E4B068ED-F494-42E9-A231-DA0B2E46BB41): 38
LogDevObjectVersion:   Dev-Framework (CFFC743F-43B0-4480-9391-14DF171D2073): 37
LogDevObjectVersion:   Dev-Mobile (B02B49B5-BB20-44E9-A304-32B752E40360): 2
LogDevObjectVersion:   Dev-Networking (A4E4105C-59A1-49B5-A7C5-40C4547EDFEE): 0
LogDevObjectVersion:   Dev-Online (39C831C9-5AE6-47DC-9A44-9C173E1C8E7C): 0
LogDevObjectVersion:   Dev-Physics (78F01B33-EBEA-4F98-B9B4-84EACCB95AA2): 4
LogDevObjectVersion:   Dev-Platform (6631380F-2D4D-43E0-8009-CF276956A95A): 0
LogDevObjectVersion:   Dev-Rendering (12F88B9F-8875-4AFC-A67C-D90C383ABD29): 43
LogDevObjectVersion:   Dev-Sequencer (7B5AE74C-D270-4C10-A958-57980B212A5A): 12
LogDevObjectVersion:   Dev-VR (D7296918-1DD6-4BDD-9DE2-64A83CC13884): 3
LogDevObjectVersion:   Dev-LoadTimes (C2A15278-BFE7-4AFE-6C17-90FF531DF755): 1
LogDevObjectVersion:   Private-Geometry (6EACA3D4-40EC-4CC1-B786-8BED09428FC5): 3
LogDevObjectVersion:   Dev-AnimPhys (29E575DD-E0A3-4627-9D10-D276232CDCEA): 17
LogDevObjectVersion:   Dev-Anim (AF43A65D-7FD3-4947-9873-3E8ED9C1BB05): 7
LogDevObjectVersion:   Dev-ReflectionCapture (6B266CEC-1EC7-4B8F-A30B-E4D90942FC07): 1
LogDevObjectVersion:   Dev-Automation (0DF73D61-A23F-47EA-B727-89E90C41499A): 1
LogDevObjectVersion:   FortniteMain (601D1886-AC64-4F84-AA16-D3DE0DEAC7D6): 31
LogDevObjectVersion:   Dev-Enterprise (9DFFBCD6-494F-0158-E221-12823C92A888): 10
LogDevObjectVersion:   Dev-Niagara (F2AED0AC-9AFE-416F-8664-AA7FFA26D6FC): 1
LogDevObjectVersion:   Dev-Destruction (174F1F0B-B4C6-45A5-B13F-2EE8D0FB917D): 10
LogDevObjectVersion:   Dev-Physics-Ext (35F94A83-E258-406C-A318-09F59610247C): 37
LogDevObjectVersion:   Dev-PhysicsMaterial-Chaos (B68FC16E-8B1B-42E2-B453-215C058844FE): 1
LogDevObjectVersion:   Dev-CineCamera (B2E18506-4273-CFC2-A54E-F4BB758BBA07): 1
LogInit: Presizing for max 25165824 objects, including 0 objects not considered by GC, pre-allocating 0 bytes for permanent pool.
LogConfig: Applying CVar settings from Section [/Script/Engine.StreamingSettings] File [D:/Unreal Projects/ToonTanks/ToonTanks/Saved/Config/Windows/Engine.ini]
LogConfig: Setting CVar [[s.MinBulkDataSizeForAsyncLoading:131072]]
LogConfig: Setting CVar [[s.AsyncLoadingThreadEnabled:0]]
LogConfig: Setting CVar [[s.EventDrivenLoaderEnabled:1]]
LogConfig: Setting CVar [[s.WarnIfTimeLimitExceeded:0]]
LogConfig: Setting CVar [[s.TimeLimitExceededMultiplier:1.5]]
LogConfig: Setting CVar [[s.TimeLimitExceededMinTime:0.005]]
LogConfig: Setting CVar [[s.UseBackgroundLevelStreaming:1]]
LogConfig: Setting CVar [[s.PriorityAsyncLoadingExtraTime:15.0]]
LogConfig: Setting CVar [[s.LevelStreamingActorsUpdateTimeLimit:5.0]]
LogConfig: Setting CVar [[s.PriorityLevelStreamingActorsUpdateExtraTime:5.0]]
LogConfig: Setting CVar [[s.LevelStreamingComponentsRegistrationGranularity:10]]
LogConfig: Setting CVar [[s.UnregisterComponentsTimeLimit:1.0]]
LogConfig: Setting CVar [[s.LevelStreamingComponentsUnregistrationGranularity:5]]
LogConfig: Setting CVar [[s.FlushStreamingOnExit:1]]
LogInit: Object subsystem initialized
LogConfig: Setting CVar [[con.DebugEarlyDefault:1]]
LogConfig: Setting CVar [[r.setres:1280x720]]
[2020.12.13-22.32.45:936][  0]LogConfig: Setting CVar [[r.VSync:0]]
[2020.12.13-22.32.45:936][  0]LogConfig: Setting CVar [[r.RHICmdBypass:0]]
[2020.12.13-22.32.45:936][  0]LogConfig: Applying CVar settings from Section [/Script/Engine.RendererSettings] File [D:/Unreal Projects/ToonTanks/ToonTanks/Saved/Config/Windows/Engine.ini]
[2020.12.13-22.32.45:936][  0]LogConfig: Setting CVar [[r.GPUCrashDebugging:0]]
[2020.12.13-22.32.45:936][  0]LogConfig: Setting CVar [[r.DefaultFeature.AutoExposure.ExtendDefaultLuminanceRange:1]]
[2020.12.13-22.32.45:936][  0]LogConfig: Setting CVar [[r.DefaultFeature.AutoExposure:0]]
[2020.12.13-22.32.45:936][  0]LogConfig: Applying CVar settings from Section [/Script/Engine.RendererOverrideSettings] File [D:/Unreal Projects/ToonTanks/ToonTanks/Saved/Config/Windows/Engine.ini]
[2020.12.13-22.32.45:936][  0]LogConfig: Applying CVar settings from Section [/Script/Engine.StreamingSettings] File [D:/Unreal Projects/ToonTanks/ToonTanks/Saved/Config/Windows/Engine.ini]
[2020.12.13-22.32.45:936][  0]LogConfig: Setting CVar [[s.MinBulkDataSizeForAsyncLoading:131072]]
[2020.12.13-22.32.45:936][  0]LogConfig: Setting CVar [[s.AsyncLoadingThreadEnabled:0]]
[2020.12.13-22.32.45:936][  0]LogConfig: Setting CVar [[s.EventDrivenLoaderEnabled:1]]
[2020.12.13-22.32.45:936][  0]LogConfig: Setting CVar [[s.WarnIfTimeLimitExceeded:0]]
[2020.12.13-22.32.45:936][  0]LogConfig: Setting CVar [[s.TimeLimitExceededMultiplier:1.5]]
[2020.12.13-22.32.45:936][  0]LogConfig: Setting CVar [[s.TimeLimitExceededMinTime:0.005]]
[2020.12.13-22.32.45:936][  0]LogConfig: Setting CVar [[s.UseBackgroundLevelStreaming:1]]
[2020.12.13-22.32.45:936][  0]LogConfig: Setting CVar [[s.PriorityAsyncLoadingExtraTime:15.0]]
[2020.12.13-22.32.45:936][  0]LogConfig: Setting CVar [[s.LevelStreamingActorsUpdateTimeLimit:5.0]]
[2020.12.13-22.32.45:936][  0]LogConfig: Setting CVar [[s.PriorityLevelStreamingActorsUpdateExtraTime:5.0]]
[2020.12.13-22.32.45:936][  0]LogConfig: Setting CVar [[s.LevelStreamingComponentsRegistrationGranularity:10]]
[2020.12.13-22.32.45:936][  0]LogConfig: Setting CVar [[s.UnregisterComponentsTimeLimit:1.0]]
[2020.12.13-22.32.45:936][  0]LogConfig: Setting CVar [[s.LevelStreamingComponentsUnregistrationGranularity:5]]
[2020.12.13-22.32.45:936][  0]LogConfig: Setting CVar [[s.FlushStreamingOnExit:1]]
[2020.12.13-22.32.45:936][  0]LogConfig: Applying CVar settings from Section [/Script/Engine.GarbageCollectionSettings] File [D:/Unreal Projects/ToonTanks/ToonTanks/Saved/Config/Windows/Engine.ini]
[2020.12.13-22.32.45:936][  0]LogConfig: Setting CVar [[gc.MaxObjectsNotConsideredByGC:1]]
[2020.12.13-22.32.45:936][  0]LogConfig: Setting CVar [[gc.SizeOfPermanentObjectPool:0]]
[2020.12.13-22.32.45:936][  0]LogConfig: Setting CVar [[gc.FlushStreamingOnGC:0]]
[2020.12.13-22.32.45:936][  0]LogConfig: Setting CVar [[gc.NumRetriesBeforeForcingGC:10]]
[2020.12.13-22.32.45:936][  0]LogConfig: Setting CVar [[gc.AllowParallelGC:1]]
[2020.12.13-22.32.45:936][  0]LogConfig: Setting CVar [[gc.TimeBetweenPurgingPendingKillObjects:61.1]]
[2020.12.13-22.32.45:936][  0]LogConfig: Setting CVar [[gc.MaxObjectsInEditor:25165824]]
[2020.12.13-22.32.45:936][  0]LogConfig: Setting CVar [[gc.IncrementalBeginDestroyEnabled:1]]
[2020.12.13-22.32.45:936][  0]LogConfig: Setting CVar [[gc.CreateGCClusters:1]]
[2020.12.13-22.32.45:936][  0]LogConfig: Setting CVar [[gc.MinGCClusterSize:5]]
[2020.12.13-22.32.45:936][  0]LogConfig: Setting CVar [[gc.ActorClusteringEnabled:0]]
[2020.12.13-22.32.45:936][  0]LogConfig: Setting CVar [[gc.BlueprintClusteringEnabled:0]]
[2020.12.13-22.32.45:936][  0]LogConfig: Setting CVar [[gc.UseDisregardForGCOnDedicatedServers:0]]
[2020.12.13-22.32.45:936][  0]LogConfig: Applying CVar settings from Section [/Script/Engine.NetworkSettings] File [D:/Unreal Projects/ToonTanks/ToonTanks/Saved/Config/Windows/Engine.ini]
[2020.12.13-22.32.45:936][  0]LogConfig: Applying CVar settings from Section [/Script/UnrealEd.CookerSettings] File [D:/Unreal Projects/ToonTanks/ToonTanks/Saved/Config/Windows/Engine.ini]
[2020.12.13-22.32.45:939][  0]LogConfig: Applying CVar settings from Section [ViewDistanceQuality@3] File [D:/Unreal Projects/ToonTanks/ToonTanks/Saved/Config/Windows/Scalability.ini]
[2020.12.13-22.32.45:939][  0]LogConfig: Setting CVar [[r.SkeletalMeshLODBias:0]]
[2020.12.13-22.32.45:939][  0]LogConfig: Setting CVar [[r.ViewDistanceScale:1.0]]
[2020.12.13-22.32.45:939][  0]LogConfig: Applying CVar settings from Section [AntiAliasingQuality@3] File [D:/Unreal Projects/ToonTanks/ToonTanks/Saved/Config/Windows/Scalability.ini]
[2020.12.13-22.32.45:939][  0]LogConfig: Setting CVar [[r.PostProcessAAQuality:4]]
[2020.12.13-22.32.45:939][  0]LogConfig: Applying CVar settings from Section [ShadowQuality@3] File [D:/Unreal Projects/ToonTanks/ToonTanks/Saved/Config/Windows/Scalability.ini]
[2020.12.13-22.32.45:939][  0]LogConfig: Setting CVar [[r.LightFunctionQuality:1]]
[2020.12.13-22.32.45:939][  0]LogConfig: Setting CVar [[r.ShadowQuality:5]]
[2020.12.13-22.32.45:939][  0]LogConfig: Setting CVar [[r.Shadow.CSM.MaxCascades:10]]
[2020.12.13-22.32.45:939][  0]LogConfig: Setting CVar [[r.Shadow.MaxResolution:2048]]
[2020.12.13-22.32.45:940][  0]LogConfig: Setting CVar [[r.Shadow.MaxCSMResolution:2048]]
[2020.12.13-22.32.45:940][  0]LogConfig: Setting CVar [[r.Shadow.RadiusThreshold:0.01]]
[2020.12.13-22.32.45:940][  0]LogConfig: Setting CVar [[r.Shadow.DistanceScale:1.0]]
[2020.12.13-22.32.45:940][  0]LogConfig: Setting CVar [[r.Shadow.CSM.TransitionScale:1.0]]
[2020.12.13-22.32.45:940][  0]LogConfig: Setting CVar [[r.Shadow.PreShadowResolutionFactor:1.0]]
[2020.12.13-22.32.45:940][  0]LogConfig: Setting CVar [[r.DistanceFieldShadowing:1]]
[2020.12.13-22.32.45:940][  0]LogConfig: Setting CVar [[r.DistanceFieldAO:1]]
[2020.12.13-22.32.45:940][  0]LogConfig: Setting CVar [[r.AOQuality:2]]
[2020.12.13-22.32.45:940][  0]LogConfig: Setting CVar [[r.VolumetricFog:1]]
[2020.12.13-22.32.45:940][  0]LogConfig: Setting CVar [[r.VolumetricFog.GridPixelSize:8]]
[2020.12.13-22.32.45:940][  0]LogConfig: Setting CVar [[r.VolumetricFog.GridSizeZ:128]]
[2020.12.13-22.32.45:940][  0]LogConfig: Setting CVar [[r.VolumetricFog.HistoryMissSupersampleCount:4]]
[2020.12.13-22.32.45:940][  0]LogConfig: Setting CVar [[r.LightMaxDrawDistanceScale:1]]
[2020.12.13-22.32.45:940][  0]LogConfig: Setting CVar [[r.CapsuleShadows:1]]
[2020.12.13-22.32.45:940][  0]LogConfig: Applying CVar settings from Section [PostProcessQuality@3] File [D:/Unreal Projects/ToonTanks/ToonTanks/Saved/Config/Windows/Scalability.ini]
[2020.12.13-22.32.45:940][  0]LogConfig: Setting CVar [[r.MotionBlurQuality:4]]
[2020.12.13-22.32.45:940][  0]LogConfig: Setting CVar [[r.AmbientOcclusionMipLevelFactor:0.4]]
[2020.12.13-22.32.45:940][  0]LogConfig: Setting CVar [[r.AmbientOcclusionMaxQuality:100]]
[2020.12.13-22.32.45:940][  0]LogConfig: Setting CVar [[r.AmbientOcclusionLevels:-1]]
[2020.12.13-22.32.45:940][  0]LogConfig: Setting CVar [[r.AmbientOcclusionRadiusScale:1.0]]
[2020.12.13-22.32.45:940][  0]LogConfig: Setting CVar [[r.DepthOfFieldQuality:2]]
[2020.12.13-22.32.45:940][  0]LogConfig: Setting CVar [[r.RenderTargetPoolMin:400]]
[2020.12.13-22.32.45:940][  0]LogConfig: Setting CVar [[r.LensFlareQuality:2]]
[2020.12.13-22.32.45:940][  0]LogConfig: Setting CVar [[r.SceneColorFringeQuality:1]]
[2020.12.13-22.32.45:940][  0]LogConfig: Setting CVar [[r.EyeAdaptationQuality:2]]
[2020.12.13-22.32.45:940][  0]LogConfig: Setting CVar [[r.BloomQuality:5]]
[2020.12.13-22.32.45:940][  0]LogConfig: Setting CVar [[r.FastBlurThreshold:100]]
[2020.12.13-22.32.45:940][  0]LogConfig: Setting CVar [[r.Upscale.Quality:3]]
[2020.12.13-22.32.45:940][  0]LogConfig: Setting CVar [[r.Tonemapper.GrainQuantization:1]]
[2020.12.13-22.32.45:940][  0]LogConfig: Setting CVar [[r.LightShaftQuality:1]]
[2020.12.13-22.32.45:940][  0]LogConfig: Setting CVar [[r.Filter.SizeScale:1]]
[2020.12.13-22.32.45:940][  0]LogConfig: Setting CVar [[r.Tonemapper.Quality:5]]
[2020.12.13-22.32.45:940][  0]LogConfig: Setting CVar [[r.DOF.Gather.AccumulatorQuality:1        ; higher gathering accumulator quality]]
[2020.12.13-22.32.45:940][  0]LogConfig: Setting CVar [[r.DOF.Gather.PostfilterMethod:1          ; Median3x3 postfilering method]]
[2020.12.13-22.32.45:940][  0]LogConfig: Setting CVar [[r.DOF.Gather.EnableBokehSettings:0       ; no bokeh simulation when gathering]]
[2020.12.13-22.32.45:940][  0]LogConfig: Setting CVar [[r.DOF.Gather.RingCount:4                 ; medium number of samples when gathering]]
[2020.12.13-22.32.45:940][  0]LogConfig: Setting CVar [[r.DOF.Scatter.ForegroundCompositing:1    ; additive foreground scattering]]
[2020.12.13-22.32.45:940][  0]LogConfig: Setting CVar [[r.DOF.Scatter.BackgroundCompositing:2    ; additive background scattering]]
[2020.12.13-22.32.45:940][  0]LogConfig: Setting CVar [[r.DOF.Scatter.EnableBokehSettings:1      ; bokeh simulation when scattering]]
[2020.12.13-22.32.45:940][  0]LogConfig: Setting CVar [[r.DOF.Scatter.MaxSpriteRatio:0.1         ; only a maximum of 10% of scattered bokeh]]
[2020.12.13-22.32.45:940][  0]LogConfig: Setting CVar [[r.DOF.Recombine.Quality:1                ; cheap slight out of focus]]
[2020.12.13-22.32.45:940][  0]LogConfig: Setting CVar [[r.DOF.Recombine.EnableBokehSettings:0    ; no bokeh simulation on slight out of focus]]
[2020.12.13-22.32.45:940][  0]LogConfig: Setting CVar [[r.DOF.TemporalAAQuality:1                ; more stable temporal accumulation]]
[2020.12.13-22.32.45:940][  0]LogConfig: Setting CVar [[r.DOF.Kernel.MaxForegroundRadius:0.025]]
[2020.12.13-22.32.45:940][  0]LogConfig: Setting CVar [[r.DOF.Kernel.MaxBackgroundRadius:0.025]]
[2020.12.13-22.32.45:940][  0]LogConfig: Applying CVar settings from Section [TextureQuality@3] File [D:/Unreal Projects/ToonTanks/ToonTanks/Saved/Config/Windows/Scalability.ini]
[2020.12.13-22.32.45:940][  0]LogConfig: Setting CVar [[r.Streaming.MipBias:0]]
[2020.12.13-22.32.45:940][  0]LogConfig: Setting CVar [[r.Streaming.AmortizeCPUToGPUCopy:0]]
[2020.12.13-22.32.45:940][  0]LogConfig: Setting CVar [[r.Streaming.MaxNumTexturesToStreamPerFrame:0]]
[2020.12.13-22.32.45:940][  0]LogConfig: Setting CVar [[r.Streaming.Boost:1]]
[2020.12.13-22.32.45:940][  0]LogConfig: Setting CVar [[r.MaxAnisotropy:8]]
[2020.12.13-22.32.45:940][  0]LogConfig: Setting CVar [[r.VT.MaxAnisotropy:8]]
[2020.12.13-22.32.45:940][  0]LogConfig: Setting CVar [[r.Streaming.LimitPoolSizeToVRAM:0]]
[2020.12.13-22.32.45:940][  0]LogConfig: Setting CVar [[r.Streaming.PoolSize:1000]]
[2020.12.13-22.32.45:940][  0]LogConfig: Setting CVar [[r.Streaming.MaxEffectiveScreenSize:0]]
[2020.12.13-22.32.45:940][  0]LogConfig: Applying CVar settings from Section [EffectsQuality@3] File [D:/Unreal Projects/ToonTanks/ToonTanks/Saved/Config/Windows/Scalability.ini]
[2020.12.13-22.32.45:940][  0]LogConfig: Setting CVar [[r.TranslucencyLightingVolumeDim:64]]
[2020.12.13-22.32.45:940][  0]LogConfig: Setting CVar [[r.RefractionQuality:2]]
[2020.12.13-22.32.45:940][  0]LogConfig: Setting CVar [[r.SSR.Quality:3]]
[2020.12.13-22.32.45:940][  0]LogConfig: Setting CVar [[r.SSR.HalfResSceneColor:0]]
[2020.12.13-22.32.45:940][  0]LogConfig: Setting CVar [[r.SceneColorFormat:4]]
[2020.12.13-22.32.45:940][  0]LogConfig: Setting CVar [[r.DetailMode:2]]
[2020.12.13-22.32.45:940][  0]LogConfig: Setting CVar [[r.TranslucencyVolumeBlur:1]]
[2020.12.13-22.32.45:940][  0]LogConfig: Setting CVar [[r.MaterialQualityLevel:1 ; High quality]]
[2020.12.13-22.32.45:940][  0]LogConfig: Setting CVar [[r.SSS.Scale:1]]
[2020.12.13-22.32.45:940][  0]LogConfig: Setting CVar [[r.SSS.SampleSet:2]]
[2020.12.13-22.32.45:941][  0]LogConfig: Setting CVar [[r.SSS.Quality:1]]
[2020.12.13-22.32.45:941][  0]LogConfig: Setting CVar [[r.SSS.HalfRes:0]]
[2020.12.13-22.32.45:941][  0]LogConfig: Setting CVar [[r.SSGI.Quality:3]]
[2020.12.13-22.32.45:941][  0]LogConfig: Setting CVar [[r.EmitterSpawnRateScale:1.0]]
[2020.12.13-22.32.45:941][  0]LogConfig: Setting CVar [[r.ParticleLightQuality:2]]
[2020.12.13-22.32.45:941][  0]LogConfig: Setting CVar [[r.SkyAtmosphere.AerialPerspectiveLUT.FastApplyOnOpaque:1 ; Always have FastSkyLUT 1 in this case to avoid wrong sky]]
[2020.12.13-22.32.45:941][  0]LogConfig: Setting CVar [[r.SkyAtmosphere.AerialPerspectiveLUT.SampleCountPerSlice:1]]
[2020.12.13-22.32.45:941][  0]LogConfig: Setting CVar [[r.SkyAtmosphere.AerialPerspectiveLUT.DepthResolution:16.0]]
[2020.12.13-22.32.45:941][  0]LogConfig: Setting CVar [[r.SkyAtmosphere.FastSkyLUT:1]]
[2020.12.13-22.32.45:941][  0]LogConfig: Setting CVar [[r.SkyAtmosphere.FastSkyLUT.SampleCountMin:4.0]]
[2020.12.13-22.32.45:941][  0]LogConfig: Setting CVar [[r.SkyAtmosphere.FastSkyLUT.SampleCountMax:32.0]]
[2020.12.13-22.32.45:941][  0]LogConfig: Setting CVar [[r.SkyAtmosphere.SampleCountMin:4.0]]
[2020.12.13-22.32.45:941][  0]LogConfig: Setting CVar [[r.SkyAtmosphere.SampleCountMax:32.0]]
[2020.12.13-22.32.45:941][  0]LogConfig: Setting CVar [[r.SkyAtmosphere.TransmittanceLUT.UseSmallFormat:0]]
[2020.12.13-22.32.45:941][  0]LogConfig: Setting CVar [[r.SkyAtmosphere.TransmittanceLUT.SampleCount:10.0]]
[2020.12.13-22.32.45:941][  0]LogConfig: Setting CVar [[r.SkyAtmosphere.MultiScatteringLUT.SampleCount:15.0]]
[2020.12.13-22.32.45:941][  0]LogConfig: Applying CVar settings from Section [FoliageQuality@3] File [D:/Unreal Projects/ToonTanks/ToonTanks/Saved/Config/Windows/Scalability.ini]
[2020.12.13-22.32.45:941][  0]LogConfig: Setting CVar [[foliage.DensityScale:1.0]]
[2020.12.13-22.32.45:941][  0]LogConfig: Setting CVar [[grass.DensityScale:1.0]]
[2020.12.13-22.32.45:941][  0]LogConfig: Applying CVar settings from Section [ShadingQuality@3] File [D:/Unreal Projects/ToonTanks/ToonTanks/Saved/Config/Windows/Scalability.ini]
[2020.12.13-22.32.45:941][  0]LogConfig: Setting CVar [[r.HairStrands.SkyLighting.SampleCount:16]]
[2020.12.13-22.32.45:941][  0]LogConfig: Setting CVar [[r.HairStrands.SkyLighting.JitterIntegration:0]]
[2020.12.13-22.32.45:941][  0]LogConfig: Setting CVar [[r.HairStrands.SkyAO.SampleCount:16]]
[2020.12.13-22.32.45:941][  0]LogConfig: Setting CVar [[r.HairStrands.DeepShadow.SuperSampling:0]]
[2020.12.13-22.32.45:941][  0]LogConfig: Setting CVar [[r.HairStrands.VisibilityPPLL:0]]
[2020.12.13-22.32.45:941][  0]LogConfig: Setting CVar [[r.HairStrands.RasterizationScale:0.5]]
[2020.12.13-22.32.45:941][  0]LogConfig: Setting CVar [[r.HairStrands.VelocityRasterizationScale:1]]
[2020.12.13-22.32.45:941][  0]LogInit: Selected Device Profile: [Windows]
[2020.12.13-22.32.45:941][  0]LogInit: Applying CVar settings loaded from the selected device profile: [Windows]
[2020.12.13-22.32.45:941][  0]LogHAL: Display: Platform has ~ 16 GB [17132564480 / 17179869184 / 16], which maps to Larger [LargestMinGB=32, LargerMinGB=12, DefaultMinGB=8, SmallerMinGB=6, SmallestMinGB=0)
[2020.12.13-22.32.45:941][  0]LogInit: Going up to parent DeviceProfile []
[2020.12.13-22.32.45:941][  0]LogConfig: Applying CVar settings from Section [ViewDistanceQuality@2] File [D:/Unreal Projects/ToonTanks/ToonTanks/Saved/Config/Windows/Scalability.ini]
[2020.12.13-22.32.45:941][  0]LogConfig: Setting CVar [[r.SkeletalMeshLODBias:0]]
[2020.12.13-22.32.45:941][  0]LogConfig: Setting CVar [[r.ViewDistanceScale:0.8]]
[2020.12.13-22.32.45:941][  0]LogConfig: Applying CVar settings from Section [AntiAliasingQuality@2] File [D:/Unreal Projects/ToonTanks/ToonTanks/Saved/Config/Windows/Scalability.ini]
[2020.12.13-22.32.45:941][  0]LogConfig: Setting CVar [[r.PostProcessAAQuality:3]]
[2020.12.13-22.32.45:941][  0]LogConfig: Applying CVar settings from Section [ShadowQuality@2] File [D:/Unreal Projects/ToonTanks/ToonTanks/Saved/Config/Windows/Scalability.ini]
[2020.12.13-22.32.45:941][  0]LogConfig: Setting CVar [[r.LightFunctionQuality:1]]
[2020.12.13-22.32.45:941][  0]LogConfig: Setting CVar [[r.ShadowQuality:5]]
[2020.12.13-22.32.45:941][  0]LogConfig: Setting CVar [[r.Shadow.CSM.MaxCascades:4]]
[2020.12.13-22.32.45:941][  0]LogConfig: Setting CVar [[r.Shadow.MaxResolution:1024]]
[2020.12.13-22.32.45:941][  0]LogConfig: Setting CVar [[r.Shadow.MaxCSMResolution:2048]]
[2020.12.13-22.32.45:941][  0]LogConfig: Setting CVar [[r.Shadow.RadiusThreshold:0.04]]
[2020.12.13-22.32.45:941][  0]LogConfig: Setting CVar [[r.Shadow.DistanceScale:0.85]]
[2020.12.13-22.32.45:941][  0]LogConfig: Setting CVar [[r.Shadow.CSM.TransitionScale:0.8]]
[2020.12.13-22.32.45:941][  0]LogConfig: Setting CVar [[r.Shadow.PreShadowResolutionFactor:0.5]]
[2020.12.13-22.32.45:941][  0]LogConfig: Setting CVar [[r.DistanceFieldShadowing:1]]
[2020.12.13-22.32.45:941][  0]LogConfig: Setting CVar [[r.DistanceFieldAO:1]]
[2020.12.13-22.32.45:941][  0]LogConfig: Setting CVar [[r.AOQuality:1]]
[2020.12.13-22.32.45:941][  0]LogConfig: Setting CVar [[r.VolumetricFog:1]]
[2020.12.13-22.32.45:941][  0]LogConfig: Setting CVar [[r.VolumetricFog.GridPixelSize:16]]
[2020.12.13-22.32.45:941][  0]LogConfig: Setting CVar [[r.VolumetricFog.GridSizeZ:64]]
[2020.12.13-22.32.45:941][  0]LogConfig: Setting CVar [[r.VolumetricFog.HistoryMissSupersampleCount:4]]
[2020.12.13-22.32.45:941][  0]LogConfig: Setting CVar [[r.LightMaxDrawDistanceScale:1]]
[2020.12.13-22.32.45:941][  0]LogConfig: Setting CVar [[r.CapsuleShadows:1]]
[2020.12.13-22.32.45:941][  0]LogConfig: Applying CVar settings from Section [PostProcessQuality@2] File [D:/Unreal Projects/ToonTanks/ToonTanks/Saved/Config/Windows/Scalability.ini]
[2020.12.13-22.32.45:941][  0]LogConfig: Setting CVar [[r.MotionBlurQuality:3]]
[2020.12.13-22.32.45:941][  0]LogConfig: Setting CVar [[r.AmbientOcclusionMipLevelFactor:0.6]]
[2020.12.13-22.32.45:941][  0]LogConfig: Setting CVar [[r.AmbientOcclusionMaxQuality:100]]
[2020.12.13-22.32.45:941][  0]LogConfig: Setting CVar [[r.AmbientOcclusionLevels:-1]]
[2020.12.13-22.32.45:941][  0]LogConfig: Setting CVar [[r.AmbientOcclusionRadiusScale:1.5]]
[2020.12.13-22.32.45:941][  0]LogConfig: Setting CVar [[r.DepthOfFieldQuality:2]]
[2020.12.13-22.32.45:941][  0]LogConfig: Setting CVar [[r.RenderTargetPoolMin:400]]
[2020.12.13-22.32.45:941][  0]LogConfig: Setting CVar [[r.LensFlareQuality:2]]
[2020.12.13-22.32.45:941][  0]LogConfig: Setting CVar [[r.SceneColorFringeQuality:1]]
[2020.12.13-22.32.45:941][  0]LogConfig: Setting CVar [[r.EyeAdaptationQuality:2]]
[2020.12.13-22.32.45:941][  0]LogConfig: Setting CVar [[r.BloomQuality:5]]
[2020.12.13-22.32.45:941][  0]LogConfig: Setting CVar [[r.FastBlurThreshold:3]]
[2020.12.13-22.32.45:941][  0]LogConfig: Setting CVar [[r.Upscale.Quality:2]]
[2020.12.13-22.32.45:941][  0]LogConfig: Setting CVar [[r.Tonemapper.GrainQuantization:1]]
[2020.12.13-22.32.45:941][  0]LogConfig: Setting CVar [[r.LightShaftQuality:1]]
[2020.12.13-22.32.45:942][  0]LogConfig: Setting CVar [[r.Filter.SizeScale:0.8]]
[2020.12.13-22.32.45:942][  0]LogConfig: Setting CVar [[r.Tonemapper.Quality:5]]
[2020.12.13-22.32.45:942][  0]LogConfig: Setting CVar [[r.DOF.Gather.AccumulatorQuality:0        ; lower gathering accumulator quality]]
[2020.12.13-22.32.45:942][  0]LogConfig: Setting CVar [[r.DOF.Gather.PostfilterMethod:2          ; Max3x3 postfilering method]]
[2020.12.13-22.32.45:942][  0]LogConfig: Setting CVar [[r.DOF.Gather.EnableBokehSettings:0       ; no bokeh simulation when gathering]]
[2020.12.13-22.32.45:942][  0]LogConfig: Setting CVar [[r.DOF.Gather.RingCount:4                 ; medium number of samples when gathering]]
[2020.12.13-22.32.45:942][  0]LogConfig: Setting CVar [[r.DOF.Scatter.ForegroundCompositing:1    ; additive foreground scattering]]
[2020.12.13-22.32.45:942][  0]LogConfig: Setting CVar [[r.DOF.Scatter.BackgroundCompositing:1    ; no background occlusion]]
[2020.12.13-22.32.45:942][  0]LogConfig: Setting CVar [[r.DOF.Scatter.EnableBokehSettings:0      ; no bokeh simulation when scattering]]
[2020.12.13-22.32.45:942][  0]LogConfig: Setting CVar [[r.DOF.Scatter.MaxSpriteRatio:0.04        ; only a maximum of 4% of scattered bokeh]]
[2020.12.13-22.32.45:942][  0]LogConfig: Setting CVar [[r.DOF.Recombine.Quality:0                ; no slight out of focus]]
[2020.12.13-22.32.45:942][  0]LogConfig: Setting CVar [[r.DOF.TemporalAAQuality:0                ; faster temporal accumulation]]
[2020.12.13-22.32.45:942][  0]LogConfig: Setting CVar [[r.DOF.Kernel.MaxForegroundRadius:0.012   ; required because of AccumulatorQuality=0]]
[2020.12.13-22.32.45:942][  0]LogConfig: Setting CVar [[r.DOF.Kernel.MaxBackgroundRadius:0.012   ; required because of AccumulatorQuality=0]]
[2020.12.13-22.32.45:942][  0]LogConfig: Applying CVar settings from Section [TextureQuality@2] File [D:/Unreal Projects/ToonTanks/ToonTanks/Saved/Config/Windows/Scalability.ini]
[2020.12.13-22.32.45:942][  0]LogConfig: Setting CVar [[r.Streaming.MipBias:0]]
[2020.12.13-22.32.45:942][  0]LogConfig: Setting CVar [[r.Streaming.AmortizeCPUToGPUCopy:0]]
[2020.12.13-22.32.45:942][  0]LogConfig: Setting CVar [[r.Streaming.MaxNumTexturesToStreamPerFrame:0]]
[2020.12.13-22.32.45:942][  0]LogConfig: Setting CVar [[r.Streaming.Boost:1]]
[2020.12.13-22.32.45:942][  0]LogConfig: Setting CVar [[r.MaxAnisotropy:4]]
[2020.12.13-22.32.45:942][  0]LogConfig: Setting CVar [[r.VT.MaxAnisotropy:8]]
[2020.12.13-22.32.45:942][  0]LogConfig: Setting CVar [[r.Streaming.LimitPoolSizeToVRAM:1]]
[2020.12.13-22.32.45:942][  0]LogConfig: Setting CVar [[r.Streaming.PoolSize:800]]
[2020.12.13-22.32.45:942][  0]LogConfig: Setting CVar [[r.Streaming.MaxEffectiveScreenSize:0]]
[2020.12.13-22.32.45:942][  0]LogConfig: Applying CVar settings from Section [EffectsQuality@2] File [D:/Unreal Projects/ToonTanks/ToonTanks/Saved/Config/Windows/Scalability.ini]
[2020.12.13-22.32.45:942][  0]LogConfig: Setting CVar [[r.TranslucencyLightingVolumeDim:48]]
[2020.12.13-22.32.45:942][  0]LogConfig: Setting CVar [[r.RefractionQuality:2]]
[2020.12.13-22.32.45:942][  0]LogConfig: Setting CVar [[r.SSR.Quality:2]]
[2020.12.13-22.32.45:942][  0]LogConfig: Setting CVar [[r.SSR.HalfResSceneColor:1]]
[2020.12.13-22.32.45:942][  0]LogConfig: Setting CVar [[r.SceneColorFormat:3]]
[2020.12.13-22.32.45:942][  0]LogConfig: Setting CVar [[r.DetailMode:1]]
[2020.12.13-22.32.45:942][  0]LogConfig: Setting CVar [[r.TranslucencyVolumeBlur:1]]
[2020.12.13-22.32.45:942][  0]LogConfig: Setting CVar [[r.MaterialQualityLevel:1 ; High quality]]
[2020.12.13-22.32.45:942][  0]LogConfig: Setting CVar [[r.SSS.Scale:1]]
[2020.12.13-22.32.45:942][  0]LogConfig: Setting CVar [[r.SSS.SampleSet:1]]
[2020.12.13-22.32.45:942][  0]LogConfig: Setting CVar [[r.SSS.Quality:-1]]
[2020.12.13-22.32.45:942][  0]LogConfig: Setting CVar [[r.SSS.HalfRes:1]]
[2020.12.13-22.32.45:942][  0]LogConfig: Setting CVar [[r.SSGI.Quality:2]]
[2020.12.13-22.32.45:942][  0]LogConfig: Setting CVar [[r.EmitterSpawnRateScale:0.5]]
[2020.12.13-22.32.45:942][  0]LogConfig: Setting CVar [[r.ParticleLightQuality:1]]
[2020.12.13-22.32.45:942][  0]LogConfig: Setting CVar [[r.SkyAtmosphere.AerialPerspectiveLUT.FastApplyOnOpaque:1 ; Always have FastSkyLUT 1 in this case to avoid wrong sky]]
[2020.12.13-22.32.45:942][  0]LogConfig: Setting CVar [[r.SkyAtmosphere.AerialPerspectiveLUT.SampleCountPerSlice:1]]
[2020.12.13-22.32.45:942][  0]LogConfig: Setting CVar [[r.SkyAtmosphere.AerialPerspectiveLUT.DepthResolution:16.0]]
[2020.12.13-22.32.45:942][  0]LogConfig: Setting CVar [[r.SkyAtmosphere.FastSkyLUT:1]]
[2020.12.13-22.32.45:942][  0]LogConfig: Setting CVar [[r.SkyAtmosphere.FastSkyLUT.SampleCountMin:4.0]]
[2020.12.13-22.32.45:942][  0]LogConfig: Setting CVar [[r.SkyAtmosphere.FastSkyLUT.SampleCountMax:32.0]]
[2020.12.13-22.32.45:942][  0]LogConfig: Setting CVar [[r.SkyAtmosphere.SampleCountMin:4.0]]
[2020.12.13-22.32.45:942][  0]LogConfig: Setting CVar [[r.SkyAtmosphere.SampleCountMax:32.0]]
[2020.12.13-22.32.45:942][  0]LogConfig: Setting CVar [[r.SkyAtmosphere.TransmittanceLUT.UseSmallFormat:0]]
[2020.12.13-22.32.45:942][  0]LogConfig: Setting CVar [[r.SkyAtmosphere.TransmittanceLUT.SampleCount:10.0]]
[2020.12.13-22.32.45:942][  0]LogConfig: Setting CVar [[r.SkyAtmosphere.MultiScatteringLUT.SampleCount:15.0]]
[2020.12.13-22.32.45:942][  0]LogConfig: Applying CVar settings from Section [FoliageQuality@2] File [D:/Unreal Projects/ToonTanks/ToonTanks/Saved/Config/Windows/Scalability.ini]
[2020.12.13-22.32.45:942][  0]LogConfig: Setting CVar [[foliage.DensityScale:0.8]]
[2020.12.13-22.32.45:942][  0]LogConfig: Setting CVar [[grass.DensityScale:0.8]]
[2020.12.13-22.32.45:942][  0]LogConfig: Applying CVar settings from Section [ShadingQuality@2] File [D:/Unreal Projects/ToonTanks/ToonTanks/Saved/Config/Windows/Scalability.ini]
[2020.12.13-22.32.45:942][  0]LogConfig: Setting CVar [[r.HairStrands.SkyLighting.SampleCount:16]]
[2020.12.13-22.32.45:942][  0]LogConfig: Setting CVar [[r.HairStrands.SkyLighting.JitterIntegration:0]]
[2020.12.13-22.32.45:942][  0]LogConfig: Setting CVar [[r.HairStrands.SkyAO.SampleCount:16]]
[2020.12.13-22.32.45:942][  0]LogConfig: Setting CVar [[r.HairStrands.DeepShadow.SuperSampling:0]]
[2020.12.13-22.32.45:942][  0]LogConfig: Setting CVar [[r.HairStrands.VisibilityPPLL:0]]
[2020.12.13-22.32.45:942][  0]LogConfig: Setting CVar [[r.HairStrands.RasterizationScale:0.5]]
[2020.12.13-22.32.45:942][  0]LogConfig: Setting CVar [[r.HairStrands.VelocityRasterizationScale:1]]
[2020.12.13-22.32.45:942][  0]LogConfig: Applying CVar settings from Section [Startup] File [../../../Engine/Config/ConsoleVariables.ini]
[2020.12.13-22.32.45:943][  0]LogConfig: Setting CVar [[net.UseAdaptiveNetUpdateFrequency:0]]
[2020.12.13-22.32.45:943][  0]LogConfig: Setting CVar [[p.chaos.AllowCreatePhysxBodies:1]]
[2020.12.13-22.32.45:943][  0]LogConfig: Setting CVar [[fx.SkipVectorVMBackendOptimizations:1]]
[2020.12.13-22.32.45:943][  0]LogConfig: Applying CVar settings from Section [ConsoleVariables] File [D:/Unreal Projects/ToonTanks/ToonTanks/Saved/Config/Windows/Engine.ini]
[2020.12.13-22.32.45:943][  0]LogInit: Computer: MM-LAPTOP
[2020.12.13-22.32.45:943][  0]LogInit: User: mmuro
[2020.12.13-22.32.45:943][  0]LogInit: CPU Page size=4096, Cores=4
[2020.12.13-22.32.45:943][  0]LogInit: High frequency timer resolution =10.000000 MHz
[2020.12.13-22.32.45:943][  0]LogMemory: Memory total: Physical=16.0GB (16GB approx)
[2020.12.13-22.32.45:943][  0]LogMemory: Platform Memory Stats for Windows
[2020.12.13-22.32.45:943][  0]LogMemory: Process Physical Memory: 119.64 MB used, 119.64 MB peak
[2020.12.13-22.32.45:943][  0]LogMemory: Process Virtual Memory: 99.69 MB used, 99.69 MB peak
[2020.12.13-22.32.45:943][  0]LogMemory: Physical Memory: 8725.81 MB used,  7613.08 MB free, 16338.89 MB total
[2020.12.13-22.32.45:943][  0]LogMemory: Virtual Memory: 5152.11 MB used,  134212576.00 MB free, 134217728.00 MB total
[2020.12.13-22.32.45:949][  0]LogWindows: WindowsPlatformFeatures enabled
[2020.12.13-22.32.46:002][  0]LogInit: Physics initialised using underlying interface: PhysX
[2020.12.13-22.32.46:003][  0]LogInit: Using OS detected language (en-US).
[2020.12.13-22.32.46:003][  0]LogInit: Using OS detected locale (en-US).
[2020.12.13-22.32.46:009][  0]LogTextLocalizationManager: No specific localization for 'en-US' exists, so the 'en' localization will be used.
[2020.12.13-22.32.46:182][  0]LogInit: Setting process to per monitor DPI aware
[2020.12.13-22.32.46:229][  0]LogSlate: New Slate User Created.  User Index 0, Is Virtual User: 0
[2020.12.13-22.32.46:229][  0]LogSlate: Slate User Registered.  User Index 0, Is Virtual User: 0
[2020.12.13-22.32.46:380][  0]LogHMD: Failed to initialize OpenVR with code 110
[2020.12.13-22.32.46:381][  0]LogD3D11RHI: D3D11 min allowed feature level: 11_0
[2020.12.13-22.32.46:381][  0]LogD3D11RHI: D3D11 max allowed feature level: 11_0
[2020.12.13-22.32.46:381][  0]LogD3D11RHI: D3D11 adapters:
[2020.12.13-22.32.46:474][  0]LogD3D11RHI:    0. 'NVIDIA GeForce GTX 1080' (Feature Level 11_0)
[2020.12.13-22.32.46:474][  0]LogD3D11RHI:       8079/0/8169 MB DedicatedVideo/DedicatedSystem/SharedSystem, Outputs:1, VendorId:0x10de
[2020.12.13-22.32.46:476][  0]LogD3D11RHI:    1. 'Microsoft Basic Render Driver' (Feature Level 11_0)
[2020.12.13-22.32.46:476][  0]LogD3D11RHI:       0/0/8169 MB DedicatedVideo/DedicatedSystem/SharedSystem, Outputs:0, VendorId:0x1414
[2020.12.13-22.32.46:476][  0]LogD3D11RHI: Chosen D3D11 Adapter: 0
[2020.12.13-22.32.46:482][  0]LogD3D11RHI: Creating new Direct3DDevice
[2020.12.13-22.32.46:482][  0]LogD3D11RHI:     GPU DeviceId: 0x1be0 (for the marketing name, search the web for "GPU Device Id")
[2020.12.13-22.32.46:482][  0]LogWindows: EnumDisplayDevices:
[2020.12.13-22.32.46:482][  0]LogWindows:    0. 'NVIDIA GeForce GTX 1080' (P:1 D:1)
[2020.12.13-22.32.46:482][  0]LogWindows:    1. 'NVIDIA GeForce GTX 1080' (P:0 D:0)
[2020.12.13-22.32.46:483][  0]LogWindows:    2. 'NVIDIA GeForce GTX 1080' (P:0 D:0)
[2020.12.13-22.32.46:483][  0]LogWindows:    3. 'NVIDIA GeForce GTX 1080' (P:0 D:0)
[2020.12.13-22.32.46:483][  0]LogWindows: DebugString: FoundDriverCount:4 
[2020.12.13-22.32.46:483][  0]LogD3D11RHI:     Adapter Name: NVIDIA GeForce GTX 1080
[2020.12.13-22.32.46:483][  0]LogD3D11RHI:   Driver Version: 456.71 (internal:27.21.14.5671, unified:456.71)
[2020.12.13-22.32.46:483][  0]LogD3D11RHI:      Driver Date: 9-30-2020
[2020.12.13-22.32.46:483][  0]LogRHI: Texture pool is 5655 MB (70% of 8079 MB)
[2020.12.13-22.32.46:551][  0]LogD3D11RHI: RHI has support for 64 bit atomics
[2020.12.13-22.32.46:552][  0]LogD3D11RHI: Async texture creation enabled
[2020.12.13-22.32.46:552][  0]LogD3D11RHI: Array index from any shader is supported
[2020.12.13-22.32.46:574][  0]LogD3D11RHI: GPU Timing Frequency: 1000.000000 (Debug: 2 1)
[2020.12.13-22.32.46:893][  0]LogTargetPlatformManager: Display: Loaded TargetPlatform 'AllDesktop'
[2020.12.13-22.32.46:919][  0]LogTargetPlatformManager: Display: Loaded TargetPlatform 'Android'
[2020.12.13-22.32.46:919][  0]LogTargetPlatformManager: Display: Loaded TargetPlatform 'Android_ASTC'
[2020.12.13-22.32.46:919][  0]LogTargetPlatformManager: Display: Loaded TargetPlatform 'Android_DXT'
[2020.12.13-22.32.46:919][  0]LogTargetPlatformManager: Display: Loaded TargetPlatform 'Android_ETC2'
[2020.12.13-22.32.46:919][  0]LogTargetPlatformManager: Display: Loaded TargetPlatform 'AndroidClient'
[2020.12.13-22.32.46:919][  0]LogTargetPlatformManager: Display: Loaded TargetPlatform 'Android_ASTCClient'
[2020.12.13-22.32.46:919][  0]LogTargetPlatformManager: Display: Loaded TargetPlatform 'Android_DXTClient'
[2020.12.13-22.32.46:919][  0]LogTargetPlatformManager: Display: Loaded TargetPlatform 'Android_ETC2Client'
[2020.12.13-22.32.46:919][  0]LogTargetPlatformManager: Display: Loaded TargetPlatform 'Android_Multi'
[2020.12.13-22.32.46:919][  0]LogTargetPlatformManager: Display: Loaded TargetPlatform 'Android_MultiClient'
[2020.12.13-22.32.46:943][  0]LogTargetPlatformManager: Display: Loaded TargetPlatform 'IOSClient'
[2020.12.13-22.32.46:943][  0]LogTargetPlatformManager: Display: Loaded TargetPlatform 'IOS'
[2020.12.13-22.32.46:953][  0]LogTargetPlatformManager: Display: Loaded TargetPlatform 'Linux'
[2020.12.13-22.32.46:962][  0]LogTargetPlatformManager: Display: Loaded TargetPlatform 'LinuxNoEditor'
[2020.12.13-22.32.46:971][  0]LogTargetPlatformManager: Display: Loaded TargetPlatform 'LinuxClient'
[2020.12.13-22.32.46:980][  0]LogTargetPlatformManager: Display: Loaded TargetPlatform 'LinuxServer'
[2020.12.13-22.32.46:989][  0]LogTargetPlatformManager: Display: Loaded TargetPlatform 'LinuxAArch64NoEditor'
[2020.12.13-22.32.46:999][  0]LogTargetPlatformManager: Display: Loaded TargetPlatform 'LinuxAArch64Client'
[2020.12.13-22.32.47:009][  0]LogTargetPlatformManager: Display: Loaded TargetPlatform 'LinuxAArch64Server'
[2020.12.13-22.32.47:035][  0]LogTargetPlatformManager: Display: Loaded TargetPlatform 'Lumin'
[2020.12.13-22.32.47:035][  0]LogTargetPlatformManager: Display: Loaded TargetPlatform 'LuminClient'
[2020.12.13-22.32.47:050][  0]LogTargetPlatformManager: Display: Loaded TargetPlatform 'TVOSClient'
[2020.12.13-22.32.47:051][  0]LogTargetPlatformManager: Display: Loaded TargetPlatform 'TVOS'
[2020.12.13-22.32.47:060][  0]LogTargetPlatformManager: Display: Loaded TargetPlatform 'WindowsNoEditor'
[2020.12.13-22.32.47:069][  0]LogTargetPlatformManager: Display: Loaded TargetPlatform 'Windows'
[2020.12.13-22.32.47:078][  0]LogTargetPlatformManager: Display: Loaded TargetPlatform 'WindowsClient'
[2020.12.13-22.32.47:088][  0]LogTargetPlatformManager: Display: Loaded TargetPlatform 'WindowsServer'
[2020.12.13-22.32.47:088][  0]LogTargetPlatformManager: Display: Building Assets For Windows
[2020.12.13-22.32.47:096][  0]LogAudioDebug: Display: Lib vorbis DLL was dynamically loaded.
[2020.12.13-22.32.47:157][  0]LogShaderCompilers: Guid format shader working directory is 7 characters bigger than the processId version (D:/Unreal Projects/ToonTanks/ToonTanks/Intermediate/Shaders/WorkingDirectory/19020/).
[2020.12.13-22.32.47:157][  0]LogShaderCompilers: Cleaned the shader compiler working directory 'C:/Users/mmuro/AppData/Local/Temp/UnrealShaderWorkingDir/19D161C6457724845669CF833DE58BC0/'.
[2020.12.13-22.32.47:157][  0]LogXGEController: Cleaning working directory: C:/Users/mmuro/AppData/Local/Temp/UnrealXGEWorkingDir/
[2020.12.13-22.32.47:158][  0]LogXGEController: Cannot use XGE Controller as Incredibuild is not installed on this machine.
[2020.12.13-22.32.47:158][  0]LogShaderCompilers: Cannot use XGE Shader Compiler as Incredibuild is not installed on this machine.
[2020.12.13-22.32.47:158][  0]LogShaderCompilers: Display: Using Local Shader Compiler.
[2020.12.13-22.32.47:942][  0]LogDerivedDataCache: Display: Max Cache Size: 512 MB
[2020.12.13-22.32.48:002][  0]LogDerivedDataCache: Loaded boot cache 0.06s 75MB C:/Users/mmuro/AppData/Local/UnrealEngine/4.25/DerivedDataCache/Boot.ddc.
[2020.12.13-22.32.48:003][  0]LogDerivedDataCache: Display: Loaded Boot cache: C:/Users/mmuro/AppData/Local/UnrealEngine/4.25/DerivedDataCache/Boot.ddc
[2020.12.13-22.32.48:003][  0]LogDerivedDataCache: FDerivedDataBackendGraph:  Pak pak cache file D:/Unreal Projects/ToonTanks/ToonTanks/DerivedDataCache/DDC.ddp not found, will not use a pak cache.
[2020.12.13-22.32.48:003][  0]LogDerivedDataCache: Unable to find inner node Pak for hierarchical cache Hierarchy.
[2020.12.13-22.32.48:003][  0]LogDerivedDataCache: FDerivedDataBackendGraph:  CompressedPak pak cache file D:/Unreal Projects/ToonTanks/ToonTanks/DerivedDataCache/Compressed.ddp not found, will not use a pak cache.
[2020.12.13-22.32.48:003][  0]LogDerivedDataCache: Unable to find inner node CompressedPak for hierarchical cache Hierarchy.
[2020.12.13-22.32.48:013][  0]LogDerivedDataCache: Display: Pak cache opened for reading ../../../Engine/DerivedDataCache/Compressed.ddp.
[2020.12.13-22.32.48:013][  0]LogDerivedDataCache: FDerivedDataBackendGraph:  EnterprisePak pak cache file ../../../Enterprise/DerivedDataCache/Compressed.ddp not found, will not use a pak cache.
[2020.12.13-22.32.48:013][  0]LogDerivedDataCache: Unable to find inner node EnterprisePak for hierarchical cache Hierarchy.
[2020.12.13-22.32.48:015][  0]LogDerivedDataCache: Using Local data cache path C:/Users/mmuro/AppData/Local/UnrealEngine/Common/DerivedDataCache: Writable
[2020.12.13-22.32.48:015][  0]LogDerivedDataCache: Shared data cache path not found in *engine.ini, will not use an Shared cache.
[2020.12.13-22.32.48:015][  0]LogDerivedDataCache: Unable to find inner node Shared for hierarchical cache Hierarchy.
[2020.12.13-22.32.48:069][  0]LogSlate: Using FreeType 2.10.0
[2020.12.13-22.32.48:070][  0]LogSlate: SlateFontServices - WITH_FREETYPE: 1, WITH_HARFBUZZ: 1
[2020.12.13-22.32.48:097][  0]LogAssetRegistry: FAssetRegistry took 0.0026 seconds to start up
[2020.12.13-22.32.48:373][  0]LogInit: Selected Device Profile: [Windows]
[2020.12.13-22.32.48:486][  0]LogMeshReduction: Using QuadricMeshReduction for automatic static mesh reduction
[2020.12.13-22.32.48:486][  0]LogMeshReduction: Using SimplygonMeshReduction for automatic skeletal mesh reduction
[2020.12.13-22.32.48:486][  0]LogMeshReduction: Using ProxyLODMeshReduction for automatic mesh merging
[2020.12.13-22.32.48:486][  0]LogMeshReduction: No distributed automatic mesh merging module available
[2020.12.13-22.32.48:486][  0]LogMeshMerging: No distributed automatic mesh merging module available
[2020.12.13-22.32.48:502][  0]LogNetVersion: ToonTanks 1.0.0, NetCL: 13144385, EngineNetVer: 14, GameNetVer: 0 (Checksum: 281104731)
[2020.12.13-22.32.48:985][  0]LogAISub: UAISubsystem::UAISubsystem AISubsystem (000002766C8B5CC0), frame # 0
[2020.12.13-22.32.48:985][  0]LogAISub: UAISubsystem::UAISubsystem AIPerceptionSystem (000002766D802AC0), frame # 0
[2020.12.13-22.32.48:986][  0]LogAISub: UAISubsystem::UAISubsystem EnvQueryManager (000002766D859E00), frame # 0
[2020.12.13-22.32.49:046][  0]LogPackageLocalizationCache: Processed 21 localized package path(s) for 1 prioritized culture(s) in 0.053485 seconds
[2020.12.13-22.32.49:051][  0]LogUObjectArray: 15913 objects as part of root set at end of initial load.
[2020.12.13-22.32.49:051][  0]LogUObjectAllocator: 3964304 out of 0 bytes used by permanent object pool.
[2020.12.13-22.32.49:051][  0]LogUObjectArray: CloseDisregardForGC: 0/0 objects in disregard for GC pool
[2020.12.13-22.32.49:289][  0]LogPython: Using Python 2.7.14
[2020.12.13-22.32.50:163][  0]LogTcpMessaging: Initializing TcpMessaging bridge
[2020.12.13-22.32.50:167][  0]LogUdpMessaging: Initializing bridge on interface 0.0.0.0:0 to multicast group 230.0.0.1:6666.
[2020.12.13-22.32.50:284][  0]SourceControl: Source control is disabled
[2020.12.13-22.32.50:285][  0]SourceControl: Source control is disabled
[2020.12.13-22.32.50:288][  0]SourceControl: Source control is disabled
[2020.12.13-22.32.50:290][  0]SourceControl: Source control is disabled
[2020.12.13-22.32.50:297][  0]SourceControl: Source control is disabled
[2020.12.13-22.32.50:608][  0]LogAndroidPermission: UAndroidPermissionCallbackProxy::GetInstance
[2020.12.13-22.32.50:641][  0]LogAudioCaptureCore: Display: No Audio Capture implementations found. Audio input will be silent.
[2020.12.13-22.32.50:641][  0]LogAudioCaptureCore: Display: No Audio Capture implementations found. Audio input will be silent.
[2020.12.13-22.32.50:722][  0]LogOcInput: OculusInput pre-init called
[2020.12.13-22.32.50:733][  0]LogWindows: Failed to load 'OVRPlugin.dll' (GetLastError=126)
[2020.12.13-22.32.50:733][  0]LogWindows: File 'OVRPlugin.dll' does not exist
[2020.12.13-22.32.51:172][  0]LogEngine: Initializing Engine...
[2020.12.13-22.32.51:173][  0]LogHMD: Failed to initialize OpenVR with code 110
[2020.12.13-22.32.51:173][  0]LogMagicLeap: Warning: VR disabled because ZI is not enabled.  To enable, in the editor, Edit -> Project Settings -> Plugins -> Magic Leap Plugin -> Enable Zero Iteration
[2020.12.13-22.32.51:173][  0]LogStats: UGameplayTagsManager::InitializeManager -  0.000 s
[2020.12.13-22.32.51:299][  0]LogInit: Initializing FReadOnlyCVARCache
[2020.12.13-22.32.51:311][  0]LogAIModule: Creating AISystem for world Untitled
[2020.12.13-22.32.51:311][  0]LogAISub: UAISubsystem::UAISubsystem EnvQueryManager (000002767CDC1200), frame # 0
[2020.12.13-22.32.51:311][  0]LogAISub: UAISubsystem::UAISubsystem AIPerceptionSystem (000002767CDF56C0), frame # 0
[2020.12.13-22.32.51:327][  0]LogAudioMixer: Display: Audio Mixer Platform Settings:
[2020.12.13-22.32.51:327][  0]LogAudioMixer: Display: 	Sample Rate:						  48000
[2020.12.13-22.32.51:327][  0]LogAudioMixer: Display: 	Callback Buffer Frame Size Requested: 1024
[2020.12.13-22.32.51:327][  0]LogAudioMixer: Display: 	Callback Buffer Frame Size To Use:	  1024
[2020.12.13-22.32.51:327][  0]LogAudioMixer: Display: 	Number of buffers to queue:			  2
[2020.12.13-22.32.51:327][  0]LogAudioMixer: Display: 	Max Channels (voices):				  32
[2020.12.13-22.32.51:327][  0]LogAudioMixer: Display: 	Number of Async Source Workers:		  0
[2020.12.13-22.32.51:327][  0]LogAudio: Display: AudioDevice MaxSources: 32
[2020.12.13-22.32.51:327][  0]LogAudio: Display: Using built-in audio occlusion.
[2020.12.13-22.32.51:327][  0]LogAudioMixer: Display: Initializing audio mixer.
[2020.12.13-22.32.51:342][  0]LogAudioMixer: Display: 0: FrontLeft
[2020.12.13-22.32.51:342][  0]LogAudioMixer: Display: 1: FrontRight
[2020.12.13-22.32.51:618][  0]LogAudioMixer: Display: Using Audio Device Speakers (Realtek High Definition Audio)
[2020.12.13-22.32.51:621][  0]LogAudioMixer: Display: Initializing Sound Submixes...
[2020.12.13-22.32.51:623][  0]LogAudioMixer: Display: Creating Master Submix 'MasterSubmixDefault'
[2020.12.13-22.32.51:623][  0]LogAudioMixer: Display: Creating Master Submix 'MasterReverbSubmixDefault'
[2020.12.13-22.32.51:624][  0]LogAudioMixer: Display: Creating Master Submix 'MasterEQSubmixDefault'
[2020.12.13-22.32.51:625][  0]LogInit: FAudioDevice initialized.
[2020.12.13-22.32.51:625][  0]LogNetVersion: Set ProjectVersion to 1.0.0.0. Version Checksum will be recalculated on next use.
[2020.12.13-22.32.51:673][  0]LogDerivedDataCache: Saved boot cache 0.05s 75MB C:/Users/mmuro/AppData/Local/UnrealEngine/4.25/DerivedDataCache/Boot.ddc.
[2020.12.13-22.32.51:679][  0]LogInit: Texture streaming: Enabled
[2020.12.13-22.32.51:694][  0]LogEngineSessionManager: EngineSessionManager initialized
[2020.12.13-22.32.51:694][  0]LogEditorSessionSummary: Verbose: Initializing EditorSessionSummaryWriter for editor session tracking
[2020.12.13-22.32.51:696][  0]LogEditorSessionSummary: EditorSessionSummaryWriter initialized
[2020.12.13-22.32.51:757][  0]LogInit: Transaction tracking system initialized
[2020.12.13-22.32.51:778][  0]BlueprintLog: New page: Editor Load
[2020.12.13-22.32.51:849][  0]LocalizationService: Localization service is disabled
[2020.12.13-22.32.52:011][  0]LogCook: Display: Max memory allowance for cook 16384mb min free memory 0mb
[2020.12.13-22.32.52:011][  0]LogCook: Display: Mobile HDR setting 1
[2020.12.13-22.32.52:182][  0]LogFileCache: Scanning file cache for directory 'D:/Unreal Projects/ToonTanks/ToonTanks/Content/' took 0.00s
[2020.12.13-22.32.52:415][  0]SourceControl: Source control is disabled
[2020.12.13-22.32.52:415][  0]LogUnrealEdMisc: Loading editor; pre map load, took 7.818
[2020.12.13-22.32.52:416][  0]Cmd: MAP LOAD FILE="D:/Unreal Projects/ToonTanks/ToonTanks/Content/Maps/Main.umap" TEMPLATE=0 SHOWPROGRESS=1 FEATURELEVEL=3
[2020.12.13-22.32.52:416][  0]LightingResults: New page: Lighting Build
[2020.12.13-22.32.52:417][  0]LogWorld: UWorld::CleanupWorld for Untitled, bSessionEnded=true, bCleanupResources=true
[2020.12.13-22.32.52:417][  0]LogSlate: InvalidateAllWidgets triggered.  All widgets were invalidated
[2020.12.13-22.32.52:417][  0]MapCheck: New page: Map Check
[2020.12.13-22.32.52:417][  0]LightingResults: New page: Lighting Build
[2020.12.13-22.32.52:429][  0]LogAISub: UAISubsystem::~UAISubsystem EnvQueryManager (000002767CDC1200), frame # 0
[2020.12.13-22.32.52:429][  0]LogAISub: UAISubsystem::~UAISubsystem AIPerceptionSystem (000002767CDF56C0), frame # 0
[2020.12.13-22.32.52:430][  0]LogUObjectHash: Compacting FUObjectHashTables data took   0.71ms
[2020.12.13-22.32.52:453][  0]LogLinker: Warning: While loading '../../../Engine/Content/EngineSky/BP_Sky_Sphere.uasset' failed to load '/Game/SpringLandscape/Meshes/Sky/SM_Sphere': Can't find file.
[2020.12.13-22.32.52:453][  0]LogLinker: Warning: While loading '../../../Engine/Content/EngineSky/BP_Sky_Sphere.uasset' failed to load '/Game/SpringLandscape/Meshes/Sky/SM_Sphere': Can't find file.
[2020.12.13-22.32.52:453][  0]LogLinker: Warning: While loading '../../../Engine/Content/EngineSky/BP_Sky_Sphere.uasset' failed to load '/Game/SpringLandscape/Meshes/Sky/SM_Sphere': Can't find file.
[2020.12.13-22.32.52:453][  0]LogLinker: Warning: While loading '../../../Engine/Content/EngineSky/BP_Sky_Sphere.uasset' failed to load '/Game/SpringLandscape/Meshes/Sky/SM_Sphere': Can't find file.
[2020.12.13-22.32.52:453][  0]LogLinker: Warning: While loading 'D:/Unreal Projects/ToonTanks/ToonTanks/Content/Maps/Main.umap' failed to load '/Game/SpringLandscape/Meshes/Sky/SM_Sphere': Can't find file.
[2020.12.13-22.32.52:454][  0]LogLinker: Warning: While loading 'D:/Unreal Projects/ToonTanks/ToonTanks/Content/Maps/Main.umap' failed to load '/Game/SpringLandscape/Meshes/Sky/SM_Sphere': Can't find file.
[2020.12.13-22.32.52:454][  0]LogLinker: Warning: While loading 'D:/Unreal Projects/ToonTanks/ToonTanks/Content/Maps/Main.umap' failed to load '/Game/SpringLandscape/Meshes/Sky/SM_Sphere': Can't find file.
[2020.12.13-22.32.52:454][  0]LogLinker: Warning: While loading 'D:/Unreal Projects/ToonTanks/ToonTanks/Content/Maps/Main.umap' failed to load '/Game/SpringLandscape/Meshes/Sky/SM_Sphere': Can't find file.
[2020.12.13-22.32.52:461][  0]LogLinker: Warning: While loading 'D:/Unreal Projects/ToonTanks/ToonTanks/Content/Maps/Main.umap' failed to load '/Game/SpringLandscape/Meshes/Sky/SM_Sphere': Can't find file.
[2020.12.13-22.32.52:461][  0]LoadErrors: Failed to load /Game/SpringLandscape/Meshes/Sky/SM_Sphere.SM_Sphere Referenced by SkySphereMesh_GEN_VARIABLE
[2020.12.13-22.32.52:461][  0]LogLinker: Warning: While loading 'D:/Unreal Projects/ToonTanks/ToonTanks/Content/Maps/Main.umap' failed to load '/Game/SpringLandscape/Meshes/Sky/SM_Sphere': Can't find file.
[2020.12.13-22.32.52:461][  0]LoadErrors: Failed to load /Game/SpringLandscape/Meshes/Sky/SM_Sphere.SM_Sphere Referenced by SkySphereMesh_GEN_VARIABLE
[2020.12.13-22.32.52:531][  0]LogAIModule: Creating AISystem for world Main
[2020.12.13-22.32.52:531][  0]LogAISub: UAISubsystem::UAISubsystem EnvQueryManager (00000276049EE000), frame # 0
[2020.12.13-22.32.52:531][  0]LogAISub: UAISubsystem::UAISubsystem AIPerceptionSystem (0000027669FA6200), frame # 0
[2020.12.13-22.32.52:536][  0]LogEditorServer: Finished looking for orphan Actors (0.000 secs)
[2020.12.13-22.32.52:551][  0]LogUObjectHash: Compacting FUObjectHashTables data took   1.36ms
[2020.12.13-22.32.52:551][  0]Cmd: MAP CHECKDEP NOCLEARLOG
[2020.12.13-22.32.52:552][  0]MapCheck: Map check complete: 0 Error(s), 0 Warning(s), took 0.154ms to complete.
[2020.12.13-22.32.52:552][  0]LogFileHelpers: Loading map 'Main' took 0.136
[2020.12.13-22.32.52:555][  0]LogUnrealEdMisc: Total Editor Startup Time, took 7.957
[2020.12.13-22.32.52:678][  0]LogSlate: Updating window title bar state: overlay mode, drag disabled, window buttons hidden, title bar hidden
[2020.12.13-22.32.52:685][  0]LogSlate: Updating window title bar state: overlay mode, drag disabled, window buttons hidden, title bar hidden
[2020.12.13-22.32.52:693][  0]LogSlate: Updating window title bar state: overlay mode, drag disabled, window buttons hidden, title bar hidden
[2020.12.13-22.32.52:700][  0]LogSlate: Updating window title bar state: overlay mode, drag disabled, window buttons hidden, title bar hidden
[2020.12.13-22.32.52:770][  0]LogCollectionManager: Loaded 0 collections in 0.001604 seconds
[2020.12.13-22.32.52:784][  0]LogFileCache: Scanning file cache for directory 'D:/Unreal Projects/ToonTanks/ToonTanks/Saved/Collections/' took 0.00s
[2020.12.13-22.32.52:784][  0]LogFileCache: Scanning file cache for directory 'D:/Unreal Projects/ToonTanks/ToonTanks/Content/Developers/mmuro/Collections/' took 0.00s
[2020.12.13-22.32.52:784][  0]LogFileCache: Scanning file cache for directory 'D:/Unreal Projects/ToonTanks/ToonTanks/Content/Collections/' took 0.00s
[2020.12.13-22.32.52:784][  0]LogContentBrowser: Native class hierarchy populated in 0.0099 seconds. Added 3453 classes and 835 folders.
[2020.12.13-22.32.52:788][  0]LogContentBrowser: Native class hierarchy updated for 'WidgetCarousel' in 0.0003 seconds. Added 0 classes and 0 folders.
[2020.12.13-22.32.52:851][  0]LogContentBrowser: Native class hierarchy updated for 'AddContentDialog' in 0.0004 seconds. Added 0 classes and 0 folders.
[2020.12.13-22.32.53:248][  0]LogSlate: Took 0.000224 seconds to synchronously load lazily loaded font '../../../Engine/Content/Slate/Fonts/Roboto-Regular.ttf' (155K)
[2020.12.13-22.32.53:250][  0]LogSlate: Took 0.000225 seconds to synchronously load lazily loaded font '../../../Engine/Content/Slate/Fonts/Roboto-Bold.ttf' (160K)
[2020.12.13-22.32.53:255][  0]LogSlate: Took 0.000172 seconds to synchronously load lazily loaded font '../../../Engine/Content/Editor/Slate/Fonts/FontAwesome.ttf' (139K)
[2020.12.13-22.32.53:320][  0]LogRenderer: Reallocating scene render targets to support 1196x676 Format 9 NumSamples 1 (Frame:1).
[2020.12.13-22.32.53:417][  0]LogContentBrowser: Native class hierarchy updated for 'HierarchicalLODOutliner' in 0.0006 seconds. Added 0 classes and 0 folders.
[2020.12.13-22.32.53:418][  0]LogLoad: (Engine Initialization) Total time: 8.82 seconds
[2020.12.13-22.32.53:418][  0]LogLoad: (Engine Initialization) Total Blueprint compile time: 0.00 seconds
[2020.12.13-22.32.53:478][  0]LogAssetRegistry: Asset discovery search completed in 5.3811 seconds
[2020.12.13-22.32.53:482][  0]LogCollectionManager: Fixed up redirectors for 0 collections in 0.000002 seconds (updated 0 objects)
[2020.12.13-22.32.53:483][  0]LogContentStreaming: Texture pool size now 800 MB
[2020.12.13-22.32.53:545][  0]LogSlate: Took 0.000168 seconds to synchronously load lazily loaded font '../../../Engine/Content/Slate/Fonts/Roboto-Light.ttf' (167K)
[2020.12.13-22.32.53:549][  0]LogSlate: Took 0.000160 seconds to synchronously load lazily loaded font '../../../Engine/Content/Slate/Fonts/DroidSansMono.ttf' (77K)
[2020.12.13-22.33.03:309][584]LogSlate: Window 'Message Log' being destroyed
[2020.12.13-22.33.03:317][584]LogSlate: Window 'Message Log' being destroyed
[2020.12.13-22.33.08:328][881]LogSlate: Took 0.000201 seconds to synchronously load lazily loaded font '../../../Engine/Content/Slate/Fonts/Roboto-Light.ttf' (167K)
[2020.12.13-22.33.08:574][881]LogContentBrowser: Native class hierarchy updated for 'BlueprintGraph' in 0.0006 seconds. Added 125 classes and 0 folders.
[2020.12.13-22.33.11:335][951]LogWorld: UWorld::CleanupWorld for World_3, bSessionEnded=true, bCleanupResources=true
[2020.12.13-22.33.11:335][951]LogSlate: InvalidateAllWidgets triggered.  All widgets were invalidated
[2020.12.13-22.33.11:403][951]LogAssetEditorSubsystem: Opening Asset editor for Blueprint /Game/Blueprints/Pawns/BP_PawnTurret.BP_PawnTurret
[2020.12.13-22.33.11:753][951]LogSlate: Took 0.000206 seconds to synchronously load lazily loaded font '../../../Engine/Content/Slate/Fonts/Roboto-BoldCondensed.ttf' (158K)
[2020.12.13-22.33.12:679][  0]LogSlate: Took 0.000332 seconds to synchronously load lazily loaded font '../../../Engine/Content/Slate/Fonts/Roboto-Italic.ttf' (157K)
[2020.12.13-22.33.33:586][720]LogSlate: Window 'BP_PawnTurret' being destroyed
[2020.12.13-22.33.34:824][780]LogSlate: Window 'BP_PawnTank' being destroyed
[2020.12.13-22.33.35:706][832]LogWorld: UWorld::CleanupWorld for World_2, bSessionEnded=true, bCleanupResources=true
[2020.12.13-22.33.35:706][832]LogSlate: InvalidateAllWidgets triggered.  All widgets were invalidated
[2020.12.13-22.33.35:767][832]LogAssetEditorSubsystem: Opening Asset editor for Blueprint /Game/Blueprints/Pawns/BP_PawnTank.BP_PawnTank
[2020.12.13-22.33.58:866][139]LogAudioDerivedData: Display: Building compressed audio format OGG hash OGG10000-1-1-1-1-1 wave Explode_Audio...
[2020.12.13-22.33.58:866][139]LogAudioDerivedData: Display: Compression Quality for SoundWave /Game/Assets/Audio/Explode_Audio.Explode_Audio will be modified from 40 to 40.
[2020.12.13-22.33.58:891][139]LogAudioDerivedData: Display: Updated SoundWave->RawPCMDataSize from 0 to 77328 while cooking SoundWave /Game/Assets/Audio/Explode_Audio.Explode_Audio.
[2020.12.13-22.34.05:593][538]LogAudioDerivedData: Display: Building compressed audio format OGG hash OGG10000-1-1-1-1-1 wave Thud_Audio...
[2020.12.13-22.34.05:593][538]LogAudioDerivedData: Display: Compression Quality for SoundWave /Game/Assets/Audio/Thud_Audio.Thud_Audio will be modified from 40 to 40.
[2020.12.13-22.34.05:618][538]LogAudioDerivedData: Display: Updated SoundWave->RawPCMDataSize from 0 to 78372 while cooking SoundWave /Game/Assets/Audio/Thud_Audio.Thud_Audio.
[2020.12.13-22.34.11:926][914]LogAssetEditorSubsystem: Opening Asset editor for SoundWave /Game/Assets/Audio/Explode_Audio.Explode_Audio
[2020.12.13-22.34.25:955][717]BlueprintLog: New page: Compile BP_PawnTank
[2020.12.13-22.34.26:013][717]LogUObjectHash: Compacting FUObjectHashTables data took   2.10ms
[2020.12.13-22.34.54:898][445]LogAssetEditorSubsystem: Opening Asset editor for Blueprint /Game/Blueprints/Projectile/ProjectileBase_BP.ProjectileBase_BP
[2020.12.13-22.35.18:258][728]BlueprintLog: New page: Compile ProjectileBase_BP
[2020.12.13-22.35.18:318][728]LogUObjectHash: Compacting FUObjectHashTables data took   2.37ms
[2020.12.13-22.35.19:748][809]Cmd: OBJ SAVEPACKAGE PACKAGE="/Game/Blueprints/Projectile/ProjectileBase_BP" FILE="D:/Unreal Projects/ToonTanks/ToonTanks/Content/Blueprints/Projectile/ProjectileBase_BP.uasset" SILENT=true
[2020.12.13-22.35.19:775][809]LogSavePackage: Moving 'D:/Unreal Projects/ToonTanks/ToonTanks/Saved/ProjectileBase_BP6B4C703C42B25E461AD12292D9883596.tmp' to 'D:/Unreal Projects/ToonTanks/ToonTanks/Content/Blueprints/Projectile/ProjectileBase_BP.uasset'
[2020.12.13-22.35.19:799][809]AssetCheck: New page: Asset Save: ProjectileBase_BP
[2020.12.13-22.35.19:799][809]LogContentValidation: Display: Validating Blueprint /Game/Blueprints/Projectile/ProjectileBase_BP.ProjectileBase_BP
[2020.12.13-22.35.22:036][944]BlueprintLog: New page: Compile BP_PawnTurret
[2020.12.13-22.35.22:089][944]LogUObjectHash: Compacting FUObjectHashTables data took   2.24ms
[2020.12.13-22.35.25:841][162]LogUObjectHash: Compacting FUObjectHashTables data took   1.74ms
[2020.12.13-22.35.26:767][162]LogSlate: Window 'Save Content' being destroyed
[2020.12.13-22.35.26:821][162]Cmd: OBJ SAVEPACKAGE PACKAGE="/Game/Blueprints/Pawns/BP_PawnTank" FILE="D:/Unreal Projects/ToonTanks/ToonTanks/Content/Blueprints/Pawns/BP_PawnTank.uasset" SILENT=true
[2020.12.13-22.35.26:841][162]LogSavePackage: Moving 'D:/Unreal Projects/ToonTanks/ToonTanks/Saved/BP_PawnTank0A77B7884339A1F3CBCD1FA632C26DB7.tmp' to 'D:/Unreal Projects/ToonTanks/ToonTanks/Content/Blueprints/Pawns/BP_PawnTank.uasset'
[2020.12.13-22.35.26:852][162]Cmd: OBJ SAVEPACKAGE PACKAGE="/Game/Blueprints/Pawns/BP_PawnTurret" FILE="D:/Unreal Projects/ToonTanks/ToonTanks/Content/Blueprints/Pawns/BP_PawnTurret.uasset" SILENT=true
[2020.12.13-22.35.26:874][162]LogSavePackage: Moving 'D:/Unreal Projects/ToonTanks/ToonTanks/Saved/BP_PawnTurret99565E59415A39520E6A58B744BFD5AD.tmp' to 'D:/Unreal Projects/ToonTanks/ToonTanks/Content/Blueprints/Pawns/BP_PawnTurret.uasset'
[2020.12.13-22.35.26:876][162]Cmd: OBJ SAVEPACKAGE PACKAGE="/Game/Maps/Main" FILE="D:/Unreal Projects/ToonTanks/ToonTanks/Content/Maps/Main.umap" SILENT=true AUTOSAVING=false KEEPDIRTY=false
[2020.12.13-22.35.26:903][162]LogUObjectHash: Compacting FUObjectHashTables data took   0.46ms
[2020.12.13-22.35.26:924][162]LogSavePackage: Moving 'D:/Unreal Projects/ToonTanks/ToonTanks/Saved/MainFAF542664A37C43E5DE692B140BA96D4.tmp' to 'D:/Unreal Projects/ToonTanks/ToonTanks/Content/Maps/Main.umap'
[2020.12.13-22.35.26:960][162]LogFileHelpers: Saving map 'Main' took 0.084
[2020.12.13-22.35.26:961][162]Cmd: OBJ SAVEPACKAGE PACKAGE="/Game/Maps/Main_BuiltData" FILE="D:/Unreal Projects/ToonTanks/ToonTanks/Content/Maps/Main_BuiltData.uasset" SILENT=true
[2020.12.13-22.35.27:002][162]LogSavePackage: Moving 'D:/Unreal Projects/ToonTanks/ToonTanks/Saved/Main_BuiltData7C7DDEB04953D7096B5A52898FFD6789.tmp' to 'D:/Unreal Projects/ToonTanks/ToonTanks/Content/Maps/Main_BuiltData.uasset'
[2020.12.13-22.35.27:038][162]AssetCheck: New page: Asset Save: multiple assets
[2020.12.13-22.35.27:038][162]LogContentValidation: Display: Validating Blueprint /Game/Blueprints/Pawns/BP_PawnTank.BP_PawnTank
[2020.12.13-22.35.27:038][162]LogContentValidation: Display: Validating Blueprint /Game/Blueprints/Pawns/BP_PawnTurret.BP_PawnTurret
[2020.12.13-22.35.27:038][162]LogContentValidation: Display: Validating World /Game/Maps/Main.Main
[2020.12.13-22.35.27:038][162]LogContentValidation: Display: Validating MapBuildDataRegistry /Game/Maps/Main_BuiltData.Main_BuiltData
[2020.12.13-22.35.46:737][344]LogTemp: Repeating last play command: Selected Viewport
[2020.12.13-22.35.46:757][344]LogPlayLevel: PlayLevel: No blueprints needed recompiling
[2020.12.13-22.35.46:757][344]PIE: New page: PIE session: Main (Dec 13, 2020, 6:35:46 AM)
[2020.12.13-22.35.46:758][344]LogOnline: OSS: Creating online subsystem instance for: NULL
[2020.12.13-22.35.46:760][344]LogOnline: OSS: TryLoadSubsystemAndSetDefault: Loaded subsystem for module [NULL]
[2020.12.13-22.35.46:760][344]LogPlayLevel: Creating play world package: /Game/Maps/UEDPIE_0_Main
[2020.12.13-22.35.46:764][344]LogPlayLevel: PIE: StaticDuplicateObject took: (0.004200s)
[2020.12.13-22.35.46:765][344]LogAIModule: Creating AISystem for world Main
[2020.12.13-22.35.46:765][344]LogAISub: UAISubsystem::UAISubsystem EnvQueryManager (0000027682AA1A00), frame # 9344
[2020.12.13-22.35.46:765][344]LogAISub: UAISubsystem::UAISubsystem AIPerceptionSystem (0000027682483880), frame # 9344
[2020.12.13-22.35.46:766][344]LogPlayLevel: PIE: World Init took: (0.001488s)
[2020.12.13-22.35.46:766][344]LogPlayLevel: PIE: Created PIE world by copying editor world from /Game/Maps/Main.Main to /Game/Maps/UEDPIE_0_Main.Main (0.005879s)
[2020.12.13-22.35.46:796][344]LogUObjectHash: Compacting FUObjectHashTables data took   2.06ms
[2020.12.13-22.35.46:797][344]LogAudioMixer: Display: Audio Mixer Platform Settings:
[2020.12.13-22.35.46:798][344]LogAudioMixer: Display: 	Sample Rate:						  48000
[2020.12.13-22.35.46:798][344]LogAudioMixer: Display: 	Callback Buffer Frame Size Requested: 1024
[2020.12.13-22.35.46:798][344]LogAudioMixer: Display: 	Callback Buffer Frame Size To Use:	  1024
[2020.12.13-22.35.46:798][344]LogAudioMixer: Display: 	Number of buffers to queue:			  2
[2020.12.13-22.35.46:798][344]LogAudioMixer: Display: 	Max Channels (voices):				  32
[2020.12.13-22.35.46:798][344]LogAudioMixer: Display: 	Number of Async Source Workers:		  0
[2020.12.13-22.35.46:798][344]LogAudio: Display: AudioDevice MaxSources: 32
[2020.12.13-22.35.46:798][344]LogAudio: Display: Using built-in audio occlusion.
[2020.12.13-22.35.46:798][344]LogAudioMixer: Display: Initializing audio mixer.
[2020.12.13-22.35.46:801][344]LogAudioMixer: Display: 0: FrontLeft
[2020.12.13-22.35.46:801][344]LogAudioMixer: Display: 1: FrontRight
[2020.12.13-22.35.46:849][344]LogAudioMixer: Display: Using Audio Device Speakers (Realtek High Definition Audio)
[2020.12.13-22.35.46:849][344]LogAudioMixer: Display: Initializing Sound Submixes...
[2020.12.13-22.35.46:849][344]LogAudioMixer: Display: Creating Master Submix 'MasterSubmixDefault'
[2020.12.13-22.35.46:849][344]LogAudioMixer: Display: Creating Master Submix 'MasterReverbSubmixDefault'
[2020.12.13-22.35.46:850][344]LogAudioMixer: Display: Creating Master Submix 'MasterEQSubmixDefault'
[2020.12.13-22.35.46:864][344]LogInit: FAudioDevice initialized.
[2020.12.13-22.35.46:897][344]LogLoad: Game class is 'BP_GameModeBase_C'
[2020.12.13-22.35.46:899][344]LogWorld: Bringing World /Game/Maps/UEDPIE_0_Main.Main up for play (max tick rate 60) at 2020.12.13-14.35.46
[2020.12.13-22.35.46:900][344]LogWorld: Bringing up level for play took: 0.001136
[2020.12.13-22.35.46:900][344]LogOnline: OSS: Creating online subsystem instance for: :Context_11
[2020.12.13-22.35.46:903][344]LogContentBrowser: Native class hierarchy updated for 'MovieSceneCapture' in 0.0004 seconds. Added 20 classes and 0 folders.
[2020.12.13-22.35.46:905][344]PIE: Server logged in
[2020.12.13-22.35.46:906][344]PIE: Play in editor total start time 0.153 seconds.
[2020.12.13-22.35.53:581][724]LogTemp: Warning: Check Fire Condition is checked
[2020.12.13-22.35.54:264][765]LogTemp: Warning: Check Fire Condition is checked
[2020.12.13-22.35.55:164][819]LogTemp: Warning: Check Fire Condition is checked
[2020.12.13-22.35.55:864][861]LogTemp: Warning: Check Fire Condition is checked
[2020.12.13-22.35.57:314][948]LogTemp: Warning: Check Fire Condition is checked
[2020.12.13-22.35.57:998][989]LogTemp: Warning: Check Fire Condition is checked
[2020.12.13-22.35.58:664][ 29]LogTemp: Warning: Check Fire Condition is checked
[2020.12.13-22.35.59:380][ 72]LogTemp: Warning: Check Fire Condition is checked
[2020.12.13-22.36.00:819][156]LogSlate: Updating window title bar state: overlay mode, drag disabled, window buttons hidden, title bar hidden
[2020.12.13-22.36.00:819][156]LogWorld: BeginTearingDown for /Game/Maps/UEDPIE_0_Main
[2020.12.13-22.36.00:819][156]LogWorld: UWorld::CleanupWorld for Main, bSessionEnded=true, bCleanupResources=true
[2020.12.13-22.36.00:819][156]LogSlate: InvalidateAllWidgets triggered.  All widgets were invalidated
[2020.12.13-22.36.00:830][156]LogPlayLevel: Display: Shutting down PIE online subsystems
[2020.12.13-22.36.00:834][156]LogSlate: InvalidateAllWidgets triggered.  All widgets were invalidated
[2020.12.13-22.36.00:885][156]LogSlate: Updating window title bar state: overlay mode, drag disabled, window buttons hidden, title bar hidden
[2020.12.13-22.36.00:902][156]LogAISub: UAISubsystem::~UAISubsystem AIPerceptionSystem (0000027682483880), frame # 10156
[2020.12.13-22.36.00:902][156]LogAISub: UAISubsystem::~UAISubsystem EnvQueryManager (0000027682AA1A00), frame # 10156
[2020.12.13-22.36.00:905][156]LogUObjectHash: Compacting FUObjectHashTables data took   3.29ms
[2020.12.13-22.36.00:931][157]LogPlayLevel: Display: Destroying online subsystem :Context_11
[2020.12.13-22.36.23:669][521]LogTemp: Repeating last play command: Selected Viewport
[2020.12.13-22.36.23:685][521]LogPlayLevel: PlayLevel: No blueprints needed recompiling
[2020.12.13-22.36.23:685][521]PIE: New page: PIE session: Main (Dec 13, 2020, 6:36:23 AM)
[2020.12.13-22.36.23:685][521]LogPlayLevel: Creating play world package: /Game/Maps/UEDPIE_0_Main
[2020.12.13-22.36.23:688][521]LogPlayLevel: PIE: StaticDuplicateObject took: (0.003239s)
[2020.12.13-22.36.23:690][521]LogAIModule: Creating AISystem for world Main
[2020.12.13-22.36.23:690][521]LogAISub: UAISubsystem::UAISubsystem EnvQueryManager (0000027624324C00), frame # 11521
[2020.12.13-22.36.23:690][521]LogAISub: UAISubsystem::UAISubsystem AIPerceptionSystem (0000027624362200), frame # 11521
[2020.12.13-22.36.23:690][521]LogPlayLevel: PIE: World Init took: (0.001501s)
[2020.12.13-22.36.23:690][521]LogPlayLevel: PIE: Created PIE world by copying editor world from /Game/Maps/Main.Main to /Game/Maps/UEDPIE_0_Main.Main (0.004890s)
[2020.12.13-22.36.23:727][521]LogUObjectHash: Compacting FUObjectHashTables data took   2.95ms
[2020.12.13-22.36.23:729][521]LogAudioMixer: Display: Audio Mixer Platform Settings:
[2020.12.13-22.36.23:729][521]LogAudioMixer: Display: 	Sample Rate:						  48000
[2020.12.13-22.36.23:729][521]LogAudioMixer: Display: 	Callback Buffer Frame Size Requested: 1024
[2020.12.13-22.36.23:729][521]LogAudioMixer: Display: 	Callback Buffer Frame Size To Use:	  1024
[2020.12.13-22.36.23:729][521]LogAudioMixer: Display: 	Number of buffers to queue:			  2
[2020.12.13-22.36.23:729][521]LogAudioMixer: Display: 	Max Channels (voices):				  32
[2020.12.13-22.36.23:729][521]LogAudioMixer: Display: 	Number of Async Source Workers:		  0
[2020.12.13-22.36.23:729][521]LogAudio: Display: AudioDevice MaxSources: 32
[2020.12.13-22.36.23:730][521]LogAudio: Display: Using built-in audio occlusion.
[2020.12.13-22.36.23:730][521]LogAudioMixer: Display: Initializing audio mixer.
[2020.12.13-22.36.23:732][521]LogAudioMixer: Display: 0: FrontLeft
[2020.12.13-22.36.23:732][521]LogAudioMixer: Display: 1: FrontRight
[2020.12.13-22.36.23:778][521]LogAudioMixer: Display: Using Audio Device Speakers (Realtek High Definition Audio)
[2020.12.13-22.36.23:778][521]LogAudioMixer: Display: Initializing Sound Submixes...
[2020.12.13-22.36.23:778][521]LogAudioMixer: Display: Creating Master Submix 'MasterSubmixDefault'
[2020.12.13-22.36.23:778][521]LogAudioMixer: Display: Creating Master Submix 'MasterReverbSubmixDefault'
[2020.12.13-22.36.23:778][521]LogAudioMixer: Display: Creating Master Submix 'MasterEQSubmixDefault'
[2020.12.13-22.36.23:794][521]LogInit: FAudioDevice initialized.
[2020.12.13-22.36.23:801][521]LogLoad: Game class is 'BP_GameModeBase_C'
[2020.12.13-22.36.23:803][521]LogWorld: Bringing World /Game/Maps/UEDPIE_0_Main.Main up for play (max tick rate 60) at 2020.12.13-14.36.23
[2020.12.13-22.36.23:803][521]LogWorld: Bringing up level for play took: 0.000899
[2020.12.13-22.36.23:803][521]LogOnline: OSS: Creating online subsystem instance for: :Context_12
[2020.12.13-22.36.23:806][521]PIE: Server logged in
[2020.12.13-22.36.23:807][521]PIE: Play in editor total start time 0.122 seconds.
[2020.12.13-22.36.27:671][752]LogTemp: Warning: Check Fire Condition is checked
[2020.12.13-22.36.29:672][872]LogTemp: Warning: Check Fire Condition is checked
[2020.12.13-22.36.44:999][789]LogSlate: Updating window title bar state: overlay mode, drag disabled, window buttons hidden, title bar hidden
[2020.12.13-22.36.44:999][789]LogWorld: BeginTearingDown for /Game/Maps/UEDPIE_0_Main
[2020.12.13-22.36.44:999][789]LogWorld: UWorld::CleanupWorld for Main, bSessionEnded=true, bCleanupResources=true
[2020.12.13-22.36.44:999][789]LogSlate: InvalidateAllWidgets triggered.  All widgets were invalidated
[2020.12.13-22.36.45:007][789]LogPlayLevel: Display: Shutting down PIE online subsystems
[2020.12.13-22.36.45:011][789]LogSlate: InvalidateAllWidgets triggered.  All widgets were invalidated
[2020.12.13-22.36.45:071][789]LogSlate: Updating window title bar state: overlay mode, drag disabled, window buttons hidden, title bar hidden
[2020.12.13-22.36.45:071][789]LogAISub: UAISubsystem::~UAISubsystem AIPerceptionSystem (0000027624362200), frame # 12789
[2020.12.13-22.36.45:071][789]LogAISub: UAISubsystem::~UAISubsystem EnvQueryManager (0000027624324C00), frame # 12789
[2020.12.13-22.36.45:074][789]LogUObjectHash: Compacting FUObjectHashTables data took   2.19ms
[2020.12.13-22.36.45:115][790]LogPlayLevel: Display: Destroying online subsystem :Context_12
[2020.12.13-22.36.46:838][893]LogTemp: Repeating last play command: Selected Viewport
[2020.12.13-22.36.46:853][893]LogPlayLevel: PlayLevel: No blueprints needed recompiling
[2020.12.13-22.36.46:853][893]PIE: New page: PIE session: Main (Dec 13, 2020, 6:36:46 AM)
[2020.12.13-22.36.46:853][893]LogPlayLevel: Creating play world package: /Game/Maps/UEDPIE_0_Main
[2020.12.13-22.36.46:856][893]LogPlayLevel: PIE: StaticDuplicateObject took: (0.002669s)
[2020.12.13-22.36.46:857][893]LogAIModule: Creating AISystem for world Main
[2020.12.13-22.36.46:857][893]LogAISub: UAISubsystem::UAISubsystem EnvQueryManager (0000027682C21000), frame # 12893
[2020.12.13-22.36.46:857][893]LogAISub: UAISubsystem::UAISubsystem AIPerceptionSystem (0000027697D7F600), frame # 12893
[2020.12.13-22.36.46:857][893]LogPlayLevel: PIE: World Init took: (0.000982s)
[2020.12.13-22.36.46:857][893]LogPlayLevel: PIE: Created PIE world by copying editor world from /Game/Maps/Main.Main to /Game/Maps/UEDPIE_0_Main.Main (0.003770s)
[2020.12.13-22.36.46:886][893]LogUObjectHash: Compacting FUObjectHashTables data took   2.39ms
[2020.12.13-22.36.46:886][893]LogAudioMixer: Display: Audio Mixer Platform Settings:
[2020.12.13-22.36.46:886][893]LogAudioMixer: Display: 	Sample Rate:						  48000
[2020.12.13-22.36.46:886][893]LogAudioMixer: Display: 	Callback Buffer Frame Size Requested: 1024
[2020.12.13-22.36.46:886][893]LogAudioMixer: Display: 	Callback Buffer Frame Size To Use:	  1024
[2020.12.13-22.36.46:887][893]LogAudioMixer: Display: 	Number of buffers to queue:			  2
[2020.12.13-22.36.46:887][893]LogAudioMixer: Display: 	Max Channels (voices):				  32
[2020.12.13-22.36.46:887][893]LogAudioMixer: Display: 	Number of Async Source Workers:		  0
[2020.12.13-22.36.46:887][893]LogAudio: Display: AudioDevice MaxSources: 32
[2020.12.13-22.36.46:887][893]LogAudio: Display: Using built-in audio occlusion.
[2020.12.13-22.36.46:887][893]LogAudioMixer: Display: Initializing audio mixer.
[2020.12.13-22.36.46:890][893]LogAudioMixer: Display: 0: FrontLeft
[2020.12.13-22.36.46:890][893]LogAudioMixer: Display: 1: FrontRight
[2020.12.13-22.36.46:932][893]LogAudioMixer: Display: Using Audio Device Speakers (Realtek High Definition Audio)
[2020.12.13-22.36.46:933][893]LogAudioMixer: Display: Initializing Sound Submixes...
[2020.12.13-22.36.46:933][893]LogAudioMixer: Display: Creating Master Submix 'MasterSubmixDefault'
[2020.12.13-22.36.46:933][893]LogAudioMixer: Display: Creating Master Submix 'MasterReverbSubmixDefault'
[2020.12.13-22.36.46:933][893]LogAudioMixer: Display: Creating Master Submix 'MasterEQSubmixDefault'
[2020.12.13-22.36.46:948][893]LogInit: FAudioDevice initialized.
[2020.12.13-22.36.46:955][893]LogLoad: Game class is 'BP_GameModeBase_C'
[2020.12.13-22.36.46:958][893]LogWorld: Bringing World /Game/Maps/UEDPIE_0_Main.Main up for play (max tick rate 60) at 2020.12.13-14.36.46
[2020.12.13-22.36.46:958][893]LogWorld: Bringing up level for play took: 0.001467
[2020.12.13-22.36.46:958][893]LogOnline: OSS: Creating online subsystem instance for: :Context_13
[2020.12.13-22.36.46:960][893]PIE: Server logged in
[2020.12.13-22.36.46:961][893]PIE: Play in editor total start time 0.11 seconds.
[2020.12.13-22.36.50:774][121]LogTemp: Warning: Check Fire Condition is checked
[2020.12.13-22.36.50:841][125]LogTemp: Warning: Check Fire Condition is checked
[2020.12.13-22.36.50:923][130]LogTemp: Warning: Check Fire Condition is checked
[2020.12.13-22.36.52:342][215]LogTemp: Warning: Check Fire Condition is checked
[2020.12.13-22.36.54:658][354]LogTemp: Warning: Check Fire Condition is checked
[2020.12.13-22.36.56:599][468]LogSlate: Updating window title bar state: overlay mode, drag disabled, window buttons hidden, title bar hidden
[2020.12.13-22.36.56:599][468]LogWorld: BeginTearingDown for /Game/Maps/UEDPIE_0_Main
[2020.12.13-22.36.56:600][468]LogWorld: UWorld::CleanupWorld for Main, bSessionEnded=true, bCleanupResources=true
[2020.12.13-22.36.56:600][468]LogSlate: InvalidateAllWidgets triggered.  All widgets were invalidated
[2020.12.13-22.36.56:608][468]LogPlayLevel: Display: Shutting down PIE online subsystems
[2020.12.13-22.36.56:611][468]LogSlate: InvalidateAllWidgets triggered.  All widgets were invalidated
[2020.12.13-22.36.56:638][468]LogSlate: Updating window title bar state: overlay mode, drag disabled, window buttons hidden, title bar hidden
[2020.12.13-22.36.56:659][468]LogAISub: UAISubsystem::~UAISubsystem AIPerceptionSystem (0000027697D7F600), frame # 13468
[2020.12.13-22.36.56:659][468]LogAISub: UAISubsystem::~UAISubsystem EnvQueryManager (0000027682C21000), frame # 13468
[2020.12.13-22.36.56:661][468]LogUObjectHash: Compacting FUObjectHashTables data took   2.23ms
[2020.12.13-22.36.56:687][469]LogPlayLevel: Display: Destroying online subsystem :Context_13
